-------------------------------------------------------------------------------
Test set: TestSuite
-------------------------------------------------------------------------------
Tests run: 2, Failures: 1, Errors: 0, Skipped: 0, Time elapsed: 274.758 s <<< FAILURE! - in TestSuite
Suits.RegisterTests.Register.testAccountCreatedMessage  Time elapsed: 197.101 s  <<< FAILURE!
java.lang.StackOverflowError
	at java.base/java.lang.AbstractStringBuilder.ensureCapacityInternal(AbstractStringBuilder.java:230)
	at java.base/java.lang.AbstractStringBuilder.append(AbstractStringBuilder.java:571)
	at java.base/java.lang.StringBuilder.append(StringBuilder.java:179)
	at java.base/java.lang.StringBuilder.append(StringBuilder.java:91)
	at java.base/java.lang.AbstractStringBuilder.append(AbstractStringBuilder.java:609)
	at java.base/java.lang.StringBuilder.append(StringBuilder.java:209)
	at java.base/java.lang.StringBuilder.append(StringBuilder.java:91)
	at java.base/java.util.Formatter$FormatSpecifier.appendJustified(Formatter.java:3173)
	at java.base/java.util.Formatter$FormatSpecifier.print(Formatter.java:3163)
	at java.base/java.util.Formatter$FormatSpecifier.printString(Formatter.java:3136)
	at java.base/java.util.Formatter$FormatSpecifier.print(Formatter.java:3013)
	at java.base/java.util.Formatter.format(Formatter.java:2769)
	at java.base/java.util.Formatter.format(Formatter.java:2705)
	at java.base/java.lang.String.format(String.java:4138)
	at org.openqa.selenium.SharedCapabilitiesMethods.lambda$abbreviate$6(SharedCapabilitiesMethods.java:107)
	at java.base/java.util.stream.ReferencePipeline$3$1.accept(ReferencePipeline.java:197)
	at java.base/java.util.stream.SortedOps$SizedRefSortingSink.end(SortedOps.java:357)
	at java.base/java.util.stream.AbstractPipeline.copyInto(AbstractPipeline.java:510)
	at java.base/java.util.stream.AbstractPipeline.wrapAndCopyInto(AbstractPipeline.java:499)
	at java.base/java.util.stream.ReduceOps$ReduceOp.evaluateSequential(ReduceOps.java:921)
	at java.base/java.util.stream.AbstractPipeline.evaluate(AbstractPipeline.java:234)
	at java.base/java.util.stream.ReferencePipeline.collect(ReferencePipeline.java:682)
	at org.openqa.selenium.SharedCapabilitiesMethods.abbreviate(SharedCapabilitiesMethods.java:108)
	at org.openqa.selenium.SharedCapabilitiesMethods.lambda$abbreviate$6(SharedCapabilitiesMethods.java:107)
	at java.base/java.util.stream.ReferencePipeline$3$1.accept(ReferencePipeline.java:197)
	at java.base/java.util.stream.SortedOps$SizedRefSortingSink.end(SortedOps.java:357)
	at java.base/java.util.stream.AbstractPipeline.copyInto(AbstractPipeline.java:510)
	at java.base/java.util.stream.AbstractPipeline.wrapAndCopyInto(AbstractPipeline.java:499)
	at java.base/java.util.stream.ReduceOps$ReduceOp.evaluateSequential(ReduceOps.java:921)
	at java.base/java.util.stream.AbstractPipeline.evaluate(AbstractPipeline.java:234)
	at java.base/java.util.stream.ReferencePipeline.collect(ReferencePipeline.java:682)
	at org.openqa.selenium.SharedCapabilitiesMethods.abbreviate(SharedCapabilitiesMethods.java:108)
	at org.openqa.selenium.SharedCapabilitiesMethods.toString(SharedCapabilitiesMethods.java:78)
	at org.openqa.selenium.ImmutableCapabilities.toString(ImmutableCapabilities.java:195)
	at org.openqa.selenium.remote.RemoteWebDriver.populateWebDriverException(RemoteWebDriver.java:593)
	at org.openqa.selenium.remote.RemoteWebDriver.execute(RemoteWebDriver.java:570)
	at org.openqa.selenium.remote.RemoteWebDriver.execute(RemoteWebDriver.java:598)
	at org.openqa.selenium.remote.RemoteExecuteMethod.execute(RemoteExecuteMethod.java:40)
	at org.openqa.selenium.chromium.AddHasCdp$1.executeCdpCommand(AddHasCdp.java:58)
	at org.openqa.selenium.chromium.ChromiumDriver.executeCdpCommand(ChromiumDriver.java:212)
	at com.shaft.gui.browser.internal.BrowserActionsHelpers.capturePageSnapshot(BrowserActionsHelpers.java:255)
	at com.shaft.gui.browser.internal.BrowserActionsHelpers.capturePageSnapshot(BrowserActionsHelpers.java:268)
	at com.shaft.gui.browser.internal.BrowserActionsHelpers.capturePageSnapshot(BrowserActionsHelpers.java:268)
	at com.shaft.gui.browser.internal.BrowserActionsHelpers.capturePageSnapshot(BrowserActionsHelpers.java:268)
	at com.shaft.gui.browser.internal.BrowserActionsHelpers.capturePageSnapshot(BrowserActionsHelpers.java:268)
	at com.shaft.gui.browser.internal.BrowserActionsHelpers.capturePageSnapshot(BrowserActionsHelpers.java:268)
	at com.shaft.gui.browser.internal.BrowserActionsHelpers.capturePageSnapshot(BrowserActionsHelpers.java:268)
	at com.shaft.gui.browser.internal.BrowserActionsHelpers.capturePageSnapshot(BrowserActionsHelpers.java:268)
	at com.shaft.gui.browser.internal.BrowserActionsHelpers.capturePageSnapshot(BrowserActionsHelpers.java:268)
	at com.shaft.gui.browser.internal.BrowserActionsHelpers.capturePageSnapshot(BrowserActionsHelpers.java:268)
	at com.shaft.gui.browser.internal.BrowserActionsHelpers.capturePageSnapshot(BrowserActionsHelpers.java:268)
	at com.shaft.gui.browser.internal.BrowserActionsHelpers.capturePageSnapshot(BrowserActionsHelpers.java:268)
	at com.shaft.gui.browser.internal.BrowserActionsHelpers.capturePageSnapshot(BrowserActionsHelpers.java:268)
	at com.shaft.gui.browser.internal.BrowserActionsHelpers.capturePageSnapshot(BrowserActionsHelpers.java:268)
	at com.shaft.gui.browser.internal.BrowserActionsHelpers.capturePageSnapshot(BrowserActionsHelpers.java:268)
	at com.shaft.gui.browser.internal.BrowserActionsHelpers.capturePageSnapshot(BrowserActionsHelpers.java:268)
	at com.shaft.gui.browser.internal.BrowserActionsHelpers.capturePageSnapshot(BrowserActionsHelpers.java:268)
	at com.shaft.gui.browser.internal.BrowserActionsHelpers.capturePageSnapshot(BrowserActionsHelpers.java:268)
	at com.shaft.gui.browser.internal.BrowserActionsHelpers.capturePageSnapshot(BrowserActionsHelpers.java:268)
	at com.shaft.gui.browser.internal.BrowserActionsHelpers.capturePageSnapshot(BrowserActionsHelpers.java:268)
	at com.shaft.gui.browser.internal.BrowserActionsHelpers.capturePageSnapshot(BrowserActionsHelpers.java:268)
	at com.shaft.gui.browser.internal.BrowserActionsHelpers.capturePageSnapshot(BrowserActionsHelpers.java:268)
	at com.shaft.gui.browser.internal.BrowserActionsHelpers.capturePageSnapshot(BrowserActionsHelpers.java:268)
	at com.shaft.gui.browser.internal.BrowserActionsHelpers.capturePageSnapshot(BrowserActionsHelpers.java:268)
	at com.shaft.gui.browser.internal.BrowserActionsHelpers.capturePageSnapshot(BrowserActionsHelpers.java:268)
	at com.shaft.gui.browser.internal.BrowserActionsHelpers.capturePageSnapshot(BrowserActionsHelpers.java:268)
	at com.shaft.gui.browser.internal.BrowserActionsHelpers.capturePageSnapshot(BrowserActionsHelpers.java:268)
	at com.shaft.gui.browser.internal.BrowserActionsHelpers.capturePageSnapshot(BrowserActionsHelpers.java:268)
	at com.shaft.gui.browser.internal.BrowserActionsHelpers.capturePageSnapshot(BrowserActionsHelpers.java:268)
	at com.shaft.gui.browser.internal.BrowserActionsHelpers.capturePageSnapshot(BrowserActionsHelpers.java:268)
	at com.shaft.gui.browser.internal.BrowserActionsHelpers.capturePageSnapshot(BrowserActionsHelpers.java:268)
	at com.shaft.gui.browser.internal.BrowserActionsHelpers.capturePageSnapshot(BrowserActionsHelpers.java:268)
	at com.shaft.gui.browser.internal.BrowserActionsHelpers.capturePageSnapshot(BrowserActionsHelpers.java:268)
	at com.shaft.gui.browser.internal.BrowserActionsHelpers.capturePageSnapshot(BrowserActionsHelpers.java:268)
	at com.shaft.gui.browser.internal.BrowserActionsHelpers.capturePageSnapshot(BrowserActionsHelpers.java:268)
	at com.shaft.gui.browser.internal.BrowserActionsHelpers.capturePageSnapshot(BrowserActionsHelpers.java:268)
	at com.shaft.gui.browser.internal.BrowserActionsHelpers.capturePageSnapshot(BrowserActionsHelpers.java:268)
	at com.shaft.gui.browser.internal.BrowserActionsHelpers.capturePageSnapshot(BrowserActionsHelpers.java:268)
	at com.shaft.gui.browser.internal.BrowserActionsHelpers.capturePageSnapshot(BrowserActionsHelpers.java:268)
	at com.shaft.gui.browser.internal.BrowserActionsHelpers.capturePageSnapshot(BrowserActionsHelpers.java:268)
	at com.shaft.gui.browser.internal.BrowserActionsHelpers.capturePageSnapshot(BrowserActionsHelpers.java:268)
	at com.shaft.gui.browser.internal.BrowserActionsHelpers.capturePageSnapshot(BrowserActionsHelpers.java:268)
	at com.shaft.gui.browser.internal.BrowserActionsHelpers.capturePageSnapshot(BrowserActionsHelpers.java:268)
	at com.shaft.gui.browser.internal.BrowserActionsHelpers.capturePageSnapshot(BrowserActionsHelpers.java:268)
	at com.shaft.gui.browser.internal.BrowserActionsHelpers.capturePageSnapshot(BrowserActionsHelpers.java:268)
	at com.shaft.gui.browser.internal.BrowserActionsHelpers.capturePageSnapshot(BrowserActionsHelpers.java:268)
	at com.shaft.gui.browser.internal.BrowserActionsHelpers.capturePageSnapshot(BrowserActionsHelpers.java:268)
	at com.shaft.gui.browser.internal.BrowserActionsHelpers.capturePageSnapshot(BrowserActionsHelpers.java:268)
	at com.shaft.gui.browser.internal.BrowserActionsHelpers.capturePageSnapshot(BrowserActionsHelpers.java:268)
	at com.shaft.gui.browser.internal.BrowserActionsHelpers.capturePageSnapshot(BrowserActionsHelpers.java:268)
	at com.shaft.gui.browser.internal.BrowserActionsHelpers.capturePageSnapshot(BrowserActionsHelpers.java:268)
	at com.shaft.gui.browser.internal.BrowserActionsHelpers.capturePageSnapshot(BrowserActionsHelpers.java:268)
	at com.shaft.gui.browser.internal.BrowserActionsHelpers.capturePageSnapshot(BrowserActionsHelpers.java:268)
	at com.shaft.gui.browser.internal.BrowserActionsHelpers.capturePageSnapshot(BrowserActionsHelpers.java:268)
	at com.shaft.gui.browser.internal.BrowserActionsHelpers.capturePageSnapshot(BrowserActionsHelpers.java:268)
	at com.shaft.gui.browser.internal.BrowserActionsHelpers.capturePageSnapshot(BrowserActionsHelpers.java:268)
	at com.shaft.gui.browser.internal.BrowserActionsHelpers.capturePageSnapshot(BrowserActionsHelpers.java:268)
	at com.shaft.gui.browser.internal.BrowserActionsHelpers.capturePageSnapshot(BrowserActionsHelpers.java:268)
	at com.shaft.gui.browser.internal.BrowserActionsHelpers.capturePageSnapshot(BrowserActionsHelpers.java:268)
	at com.shaft.gui.browser.internal.BrowserActionsHelpers.capturePageSnapshot(BrowserActionsHelpers.java:268)
	at com.shaft.gui.browser.internal.BrowserActionsHelpers.capturePageSnapshot(BrowserActionsHelpers.java:268)
	at com.shaft.gui.browser.internal.BrowserActionsHelpers.capturePageSnapshot(BrowserActionsHelpers.java:268)
	at com.shaft.gui.browser.internal.BrowserActionsHelpers.capturePageSnapshot(BrowserActionsHelpers.java:268)
	at com.shaft.gui.browser.internal.BrowserActionsHelpers.capturePageSnapshot(BrowserActionsHelpers.java:268)
	at com.shaft.gui.browser.internal.BrowserActionsHelpers.capturePageSnapshot(BrowserActionsHelpers.java:268)
	at com.shaft.gui.browser.internal.BrowserActionsHelpers.capturePageSnapshot(BrowserActionsHelpers.java:268)
	at com.shaft.gui.browser.internal.BrowserActionsHelpers.capturePageSnapshot(BrowserActionsHelpers.java:268)
	at com.shaft.gui.browser.internal.BrowserActionsHelpers.capturePageSnapshot(BrowserActionsHelpers.java:268)
	at com.shaft.gui.browser.internal.BrowserActionsHelpers.capturePageSnapshot(BrowserActionsHelpers.java:268)
	at com.shaft.gui.browser.internal.BrowserActionsHelpers.capturePageSnapshot(BrowserActionsHelpers.java:268)
	at com.shaft.gui.browser.internal.BrowserActionsHelpers.capturePageSnapshot(BrowserActionsHelpers.java:268)
	at com.shaft.gui.browser.internal.BrowserActionsHelpers.capturePageSnapshot(BrowserActionsHelpers.java:268)
	at com.shaft.gui.browser.internal.BrowserActionsHelpers.capturePageSnapshot(BrowserActionsHelpers.java:268)
	at com.shaft.gui.browser.internal.BrowserActionsHelpers.capturePageSnapshot(BrowserActionsHelpers.java:268)
	at com.shaft.gui.browser.internal.BrowserActionsHelpers.capturePageSnapshot(BrowserActionsHelpers.java:268)
	at com.shaft.gui.browser.internal.BrowserActionsHelpers.capturePageSnapshot(BrowserActionsHelpers.java:268)
	at com.shaft.gui.browser.internal.BrowserActionsHelpers.capturePageSnapshot(BrowserActionsHelpers.java:268)
	at com.shaft.gui.browser.internal.BrowserActionsHelpers.capturePageSnapshot(BrowserActionsHelpers.java:268)
	at com.shaft.gui.browser.internal.BrowserActionsHelpers.capturePageSnapshot(BrowserActionsHelpers.java:268)
	at com.shaft.gui.browser.internal.BrowserActionsHelpers.capturePageSnapshot(BrowserActionsHelpers.java:268)
	at com.shaft.gui.browser.internal.BrowserActionsHelpers.capturePageSnapshot(BrowserActionsHelpers.java:268)
	at com.shaft.gui.browser.internal.BrowserActionsHelpers.capturePageSnapshot(BrowserActionsHelpers.java:268)
	at com.shaft.gui.browser.internal.BrowserActionsHelpers.capturePageSnapshot(BrowserActionsHelpers.java:268)
	at com.shaft.gui.browser.internal.BrowserActionsHelpers.capturePageSnapshot(BrowserActionsHelpers.java:268)
	at com.shaft.gui.browser.internal.BrowserActionsHelpers.capturePageSnapshot(BrowserActionsHelpers.java:268)
	at com.shaft.gui.browser.internal.BrowserActionsHelpers.capturePageSnapshot(BrowserActionsHelpers.java:268)
	at com.shaft.gui.browser.internal.BrowserActionsHelpers.capturePageSnapshot(BrowserActionsHelpers.java:268)
	at com.shaft.gui.browser.internal.BrowserActionsHelpers.capturePageSnapshot(BrowserActionsHelpers.java:268)
	at com.shaft.gui.browser.internal.BrowserActionsHelpers.capturePageSnapshot(BrowserActionsHelpers.java:268)
	at com.shaft.gui.browser.internal.BrowserActionsHelpers.capturePageSnapshot(BrowserActionsHelpers.java:268)
	at com.shaft.gui.browser.internal.BrowserActionsHelpers.capturePageSnapshot(BrowserActionsHelpers.java:268)
	at com.shaft.gui.browser.internal.BrowserActionsHelpers.capturePageSnapshot(BrowserActionsHelpers.java:268)
	at com.shaft.gui.browser.internal.BrowserActionsHelpers.capturePageSnapshot(BrowserActionsHelpers.java:268)
	at com.shaft.gui.browser.internal.BrowserActionsHelpers.capturePageSnapshot(BrowserActionsHelpers.java:268)
	at com.shaft.gui.browser.internal.BrowserActionsHelpers.capturePageSnapshot(BrowserActionsHelpers.java:268)
	at com.shaft.gui.browser.internal.BrowserActionsHelpers.capturePageSnapshot(BrowserActionsHelpers.java:268)
	at com.shaft.gui.browser.internal.BrowserActionsHelpers.capturePageSnapshot(BrowserActionsHelpers.java:268)
	at com.shaft.gui.browser.internal.BrowserActionsHelpers.capturePageSnapshot(BrowserActionsHelpers.java:268)
	at com.shaft.gui.browser.internal.BrowserActionsHelpers.capturePageSnapshot(BrowserActionsHelpers.java:268)
	at com.shaft.gui.browser.internal.BrowserActionsHelpers.capturePageSnapshot(BrowserActionsHelpers.java:268)
	at com.shaft.gui.browser.internal.BrowserActionsHelpers.capturePageSnapshot(BrowserActionsHelpers.java:268)
	at com.shaft.gui.browser.internal.BrowserActionsHelpers.capturePageSnapshot(BrowserActionsHelpers.java:268)
	at com.shaft.gui.browser.internal.BrowserActionsHelpers.capturePageSnapshot(BrowserActionsHelpers.java:268)
	at com.shaft.gui.browser.internal.BrowserActionsHelpers.capturePageSnapshot(BrowserActionsHelpers.java:268)
	at com.shaft.gui.browser.internal.BrowserActionsHelpers.capturePageSnapshot(BrowserActionsHelpers.java:268)
	at com.shaft.gui.browser.internal.BrowserActionsHelpers.capturePageSnapshot(BrowserActionsHelpers.java:268)
	at com.shaft.gui.browser.internal.BrowserActionsHelpers.capturePageSnapshot(BrowserActionsHelpers.java:268)
	at com.shaft.gui.browser.internal.BrowserActionsHelpers.capturePageSnapshot(BrowserActionsHelpers.java:268)
	at com.shaft.gui.browser.internal.BrowserActionsHelpers.capturePageSnapshot(BrowserActionsHelpers.java:268)
	at com.shaft.gui.browser.internal.BrowserActionsHelpers.capturePageSnapshot(BrowserActionsHelpers.java:268)
	at com.shaft.gui.browser.internal.BrowserActionsHelpers.capturePageSnapshot(BrowserActionsHelpers.java:268)
	at com.shaft.gui.browser.internal.BrowserActionsHelpers.capturePageSnapshot(BrowserActionsHelpers.java:268)
	at com.shaft.gui.browser.internal.BrowserActionsHelpers.capturePageSnapshot(BrowserActionsHelpers.java:268)
	at com.shaft.gui.browser.internal.BrowserActionsHelpers.capturePageSnapshot(BrowserActionsHelpers.java:268)
	at com.shaft.gui.browser.internal.BrowserActionsHelpers.capturePageSnapshot(BrowserActionsHelpers.java:268)
	at com.shaft.gui.browser.internal.BrowserActionsHelpers.capturePageSnapshot(BrowserActionsHelpers.java:268)
	at com.shaft.gui.browser.internal.BrowserActionsHelpers.capturePageSnapshot(BrowserActionsHelpers.java:268)
	at com.shaft.gui.browser.internal.BrowserActionsHelpers.capturePageSnapshot(BrowserActionsHelpers.java:268)
	at com.shaft.gui.browser.internal.BrowserActionsHelpers.capturePageSnapshot(BrowserActionsHelpers.java:268)
	at com.shaft.gui.browser.internal.BrowserActionsHelpers.capturePageSnapshot(BrowserActionsHelpers.java:268)
	at com.shaft.gui.browser.internal.BrowserActionsHelpers.capturePageSnapshot(BrowserActionsHelpers.java:268)
	at com.shaft.gui.browser.internal.BrowserActionsHelpers.capturePageSnapshot(BrowserActionsHelpers.java:268)
	at com.shaft.gui.browser.internal.BrowserActionsHelpers.capturePageSnapshot(BrowserActionsHelpers.java:268)
	at com.shaft.gui.browser.internal.BrowserActionsHelpers.capturePageSnapshot(BrowserActionsHelpers.java:268)
	at com.shaft.gui.browser.internal.BrowserActionsHelpers.capturePageSnapshot(BrowserActionsHelpers.java:268)
	at com.shaft.gui.browser.internal.BrowserActionsHelpers.capturePageSnapshot(BrowserActionsHelpers.java:268)
	at com.shaft.gui.browser.internal.BrowserActionsHelpers.capturePageSnapshot(BrowserActionsHelpers.java:268)
	at com.shaft.gui.browser.internal.BrowserActionsHelpers.capturePageSnapshot(BrowserActionsHelpers.java:268)
	at com.shaft.gui.browser.internal.BrowserActionsHelpers.capturePageSnapshot(BrowserActionsHelpers.java:268)
	at com.shaft.gui.browser.internal.BrowserActionsHelpers.capturePageSnapshot(BrowserActionsHelpers.java:268)
	at com.shaft.gui.browser.internal.BrowserActionsHelpers.capturePageSnapshot(BrowserActionsHelpers.java:268)
	at com.shaft.gui.browser.internal.BrowserActionsHelpers.capturePageSnapshot(BrowserActionsHelpers.java:268)
	at com.shaft.gui.browser.internal.BrowserActionsHelpers.capturePageSnapshot(BrowserActionsHelpers.java:268)
	at com.shaft.gui.browser.internal.BrowserActionsHelpers.capturePageSnapshot(BrowserActionsHelpers.java:268)
	at com.shaft.gui.browser.internal.BrowserActionsHelpers.capturePageSnapshot(BrowserActionsHelpers.java:268)
	at com.shaft.gui.browser.internal.BrowserActionsHelpers.capturePageSnapshot(BrowserActionsHelpers.java:268)
	at com.shaft.gui.browser.internal.BrowserActionsHelpers.capturePageSnapshot(BrowserActionsHelpers.java:268)
	at com.shaft.gui.browser.internal.BrowserActionsHelpers.capturePageSnapshot(BrowserActionsHelpers.java:268)
	at com.shaft.gui.browser.internal.BrowserActionsHelpers.capturePageSnapshot(BrowserActionsHelpers.java:268)
	at com.shaft.gui.browser.internal.BrowserActionsHelpers.capturePageSnapshot(BrowserActionsHelpers.java:268)
	at com.shaft.gui.browser.internal.BrowserActionsHelpers.capturePageSnapshot(BrowserActionsHelpers.java:268)
	at com.shaft.gui.browser.internal.BrowserActionsHelpers.capturePageSnapshot(BrowserActionsHelpers.java:268)
	at com.shaft.gui.browser.internal.BrowserActionsHelpers.capturePageSnapshot(BrowserActionsHelpers.java:268)
	at com.shaft.gui.browser.internal.BrowserActionsHelpers.capturePageSnapshot(BrowserActionsHelpers.java:268)
	at com.shaft.gui.browser.internal.BrowserActionsHelpers.capturePageSnapshot(BrowserActionsHelpers.java:268)
	at com.shaft.gui.browser.internal.BrowserActionsHelpers.capturePageSnapshot(BrowserActionsHelpers.java:268)
	at com.shaft.gui.browser.internal.BrowserActionsHelpers.capturePageSnapshot(BrowserActionsHelpers.java:268)
	at com.shaft.gui.browser.internal.BrowserActionsHelpers.capturePageSnapshot(BrowserActionsHelpers.java:268)
	at com.shaft.gui.browser.internal.BrowserActionsHelpers.capturePageSnapshot(BrowserActionsHelpers.java:268)
	at com.shaft.gui.browser.internal.BrowserActionsHelpers.capturePageSnapshot(BrowserActionsHelpers.java:268)
	at com.shaft.gui.browser.internal.BrowserActionsHelpers.capturePageSnapshot(BrowserActionsHelpers.java:268)
	at com.shaft.gui.browser.internal.BrowserActionsHelpers.capturePageSnapshot(BrowserActionsHelpers.java:268)
	at com.shaft.gui.browser.internal.BrowserActionsHelpers.capturePageSnapshot(BrowserActionsHelpers.java:268)
	at com.shaft.gui.browser.internal.BrowserActionsHelpers.capturePageSnapshot(BrowserActionsHelpers.java:268)
	at com.shaft.gui.browser.internal.BrowserActionsHelpers.capturePageSnapshot(BrowserActionsHelpers.java:268)
	at com.shaft.gui.browser.internal.BrowserActionsHelpers.capturePageSnapshot(BrowserActionsHelpers.java:268)
	at com.shaft.gui.browser.internal.BrowserActionsHelpers.capturePageSnapshot(BrowserActionsHelpers.java:268)
	at com.shaft.gui.browser.internal.BrowserActionsHelpers.capturePageSnapshot(BrowserActionsHelpers.java:268)
	at com.shaft.gui.browser.internal.BrowserActionsHelpers.capturePageSnapshot(BrowserActionsHelpers.java:268)
	at com.shaft.gui.browser.internal.BrowserActionsHelpers.capturePageSnapshot(BrowserActionsHelpers.java:268)
	at com.shaft.gui.browser.internal.BrowserActionsHelpers.capturePageSnapshot(BrowserActionsHelpers.java:268)
	at com.shaft.gui.browser.internal.BrowserActionsHelpers.capturePageSnapshot(BrowserActionsHelpers.java:268)
	at com.shaft.gui.browser.internal.BrowserActionsHelpers.capturePageSnapshot(BrowserActionsHelpers.java:268)
	at com.shaft.gui.browser.internal.BrowserActionsHelpers.capturePageSnapshot(BrowserActionsHelpers.java:268)
	at com.shaft.gui.browser.internal.BrowserActionsHelpers.capturePageSnapshot(BrowserActionsHelpers.java:268)
	at com.shaft.gui.browser.internal.BrowserActionsHelpers.capturePageSnapshot(BrowserActionsHelpers.java:268)
	at com.shaft.gui.browser.internal.BrowserActionsHelpers.capturePageSnapshot(BrowserActionsHelpers.java:268)
	at com.shaft.gui.browser.internal.BrowserActionsHelpers.capturePageSnapshot(BrowserActionsHelpers.java:268)
	at com.shaft.gui.browser.internal.BrowserActionsHelpers.capturePageSnapshot(BrowserActionsHelpers.java:268)
	at com.shaft.gui.browser.internal.BrowserActionsHelpers.capturePageSnapshot(BrowserActionsHelpers.java:268)
	at com.shaft.gui.browser.internal.BrowserActionsHelpers.capturePageSnapshot(BrowserActionsHelpers.java:268)
	at com.shaft.gui.browser.internal.BrowserActionsHelpers.capturePageSnapshot(BrowserActionsHelpers.java:268)
	at com.shaft.gui.browser.internal.BrowserActionsHelpers.capturePageSnapshot(BrowserActionsHelpers.java:268)
	at com.shaft.gui.browser.internal.BrowserActionsHelpers.capturePageSnapshot(BrowserActionsHelpers.java:268)
	at com.shaft.gui.browser.internal.BrowserActionsHelpers.capturePageSnapshot(BrowserActionsHelpers.java:268)
	at com.shaft.gui.browser.internal.BrowserActionsHelpers.capturePageSnapshot(BrowserActionsHelpers.java:268)
	at com.shaft.gui.browser.internal.BrowserActionsHelpers.capturePageSnapshot(BrowserActionsHelpers.java:268)
	at com.shaft.gui.browser.internal.BrowserActionsHelpers.capturePageSnapshot(BrowserActionsHelpers.java:268)
	at com.shaft.gui.browser.internal.BrowserActionsHelpers.capturePageSnapshot(BrowserActionsHelpers.java:268)
	at com.shaft.gui.browser.internal.BrowserActionsHelpers.capturePageSnapshot(BrowserActionsHelpers.java:268)
	at com.shaft.gui.browser.internal.BrowserActionsHelpers.capturePageSnapshot(BrowserActionsHelpers.java:268)
	at com.shaft.gui.browser.internal.BrowserActionsHelpers.capturePageSnapshot(BrowserActionsHelpers.java:268)
	at com.shaft.gui.browser.internal.BrowserActionsHelpers.capturePageSnapshot(BrowserActionsHelpers.java:268)
	at com.shaft.gui.browser.internal.BrowserActionsHelpers.capturePageSnapshot(BrowserActionsHelpers.java:268)
	at com.shaft.gui.browser.internal.BrowserActionsHelpers.capturePageSnapshot(BrowserActionsHelpers.java:268)
	at com.shaft.gui.browser.internal.BrowserActionsHelpers.capturePageSnapshot(BrowserActionsHelpers.java:268)
	at com.shaft.gui.browser.internal.BrowserActionsHelpers.capturePageSnapshot(BrowserActionsHelpers.java:268)
	at com.shaft.gui.browser.internal.BrowserActionsHelpers.capturePageSnapshot(BrowserActionsHelpers.java:268)
	at com.shaft.gui.browser.internal.BrowserActionsHelpers.capturePageSnapshot(BrowserActionsHelpers.java:268)
	at com.shaft.gui.browser.internal.BrowserActionsHelpers.capturePageSnapshot(BrowserActionsHelpers.java:268)
	at com.shaft.gui.browser.internal.BrowserActionsHelpers.capturePageSnapshot(BrowserActionsHelpers.java:268)
	at com.shaft.gui.browser.internal.BrowserActionsHelpers.capturePageSnapshot(BrowserActionsHelpers.java:268)
	at com.shaft.gui.browser.internal.BrowserActionsHelpers.capturePageSnapshot(BrowserActionsHelpers.java:268)
	at com.shaft.gui.browser.internal.BrowserActionsHelpers.capturePageSnapshot(BrowserActionsHelpers.java:268)
	at com.shaft.gui.browser.internal.BrowserActionsHelpers.capturePageSnapshot(BrowserActionsHelpers.java:268)
	at com.shaft.gui.browser.internal.BrowserActionsHelpers.capturePageSnapshot(BrowserActionsHelpers.java:268)
	at com.shaft.gui.browser.internal.BrowserActionsHelpers.capturePageSnapshot(BrowserActionsHelpers.java:268)
	at com.shaft.gui.browser.internal.BrowserActionsHelpers.capturePageSnapshot(BrowserActionsHelpers.java:268)
	at com.shaft.gui.browser.internal.BrowserActionsHelpers.capturePageSnapshot(BrowserActionsHelpers.java:268)
	at com.shaft.gui.browser.internal.BrowserActionsHelpers.capturePageSnapshot(BrowserActionsHelpers.java:268)
	at com.shaft.gui.browser.internal.BrowserActionsHelpers.capturePageSnapshot(BrowserActionsHelpers.java:268)
	at com.shaft.gui.browser.internal.BrowserActionsHelpers.capturePageSnapshot(BrowserActionsHelpers.java:268)
	at com.shaft.gui.browser.internal.BrowserActionsHelpers.capturePageSnapshot(BrowserActionsHelpers.java:268)
	at com.shaft.gui.browser.internal.BrowserActionsHelpers.capturePageSnapshot(BrowserActionsHelpers.java:268)
	at com.shaft.gui.browser.internal.BrowserActionsHelpers.capturePageSnapshot(BrowserActionsHelpers.java:268)
	at com.shaft.gui.browser.internal.BrowserActionsHelpers.capturePageSnapshot(BrowserActionsHelpers.java:268)
	at com.shaft.gui.browser.internal.BrowserActionsHelpers.capturePageSnapshot(BrowserActionsHelpers.java:268)
	at com.shaft.gui.browser.internal.BrowserActionsHelpers.capturePageSnapshot(BrowserActionsHelpers.java:268)
	at com.shaft.gui.browser.internal.BrowserActionsHelpers.capturePageSnapshot(BrowserActionsHelpers.java:268)
	at com.shaft.gui.browser.internal.BrowserActionsHelpers.capturePageSnapshot(BrowserActionsHelpers.java:268)
	at com.shaft.gui.browser.internal.BrowserActionsHelpers.capturePageSnapshot(BrowserActionsHelpers.java:268)
	at com.shaft.gui.browser.internal.BrowserActionsHelpers.capturePageSnapshot(BrowserActionsHelpers.java:268)
	at com.shaft.gui.browser.internal.BrowserActionsHelpers.capturePageSnapshot(BrowserActionsHelpers.java:268)
	at com.shaft.gui.browser.internal.BrowserActionsHelpers.capturePageSnapshot(BrowserActionsHelpers.java:268)
	at com.shaft.gui.browser.internal.BrowserActionsHelpers.capturePageSnapshot(BrowserActionsHelpers.java:268)
	at com.shaft.gui.browser.internal.BrowserActionsHelpers.capturePageSnapshot(BrowserActionsHelpers.java:268)
	at com.shaft.gui.browser.internal.BrowserActionsHelpers.capturePageSnapshot(BrowserActionsHelpers.java:268)
	at com.shaft.gui.browser.internal.BrowserActionsHelpers.capturePageSnapshot(BrowserActionsHelpers.java:268)
	at com.shaft.gui.browser.internal.BrowserActionsHelpers.capturePageSnapshot(BrowserActionsHelpers.java:268)
	at com.shaft.gui.browser.internal.BrowserActionsHelpers.capturePageSnapshot(BrowserActionsHelpers.java:268)
	at com.shaft.gui.browser.internal.BrowserActionsHelpers.capturePageSnapshot(BrowserActionsHelpers.java:268)
	at com.shaft.gui.browser.internal.BrowserActionsHelpers.capturePageSnapshot(BrowserActionsHelpers.java:268)
	at com.shaft.gui.browser.internal.BrowserActionsHelpers.capturePageSnapshot(BrowserActionsHelpers.java:268)
	at com.shaft.gui.browser.internal.BrowserActionsHelpers.capturePageSnapshot(BrowserActionsHelpers.java:268)
	at com.shaft.gui.browser.internal.BrowserActionsHelpers.capturePageSnapshot(BrowserActionsHelpers.java:268)
	at com.shaft.gui.browser.internal.BrowserActionsHelpers.capturePageSnapshot(BrowserActionsHelpers.java:268)
	at com.shaft.gui.browser.internal.BrowserActionsHelpers.capturePageSnapshot(BrowserActionsHelpers.java:268)
	at com.shaft.gui.browser.internal.BrowserActionsHelpers.capturePageSnapshot(BrowserActionsHelpers.java:268)
	at com.shaft.gui.browser.internal.BrowserActionsHelpers.capturePageSnapshot(BrowserActionsHelpers.java:268)
	at com.shaft.gui.browser.internal.BrowserActionsHelpers.capturePageSnapshot(BrowserActionsHelpers.java:268)
	at com.shaft.gui.browser.internal.BrowserActionsHelpers.capturePageSnapshot(BrowserActionsHelpers.java:268)
	at com.shaft.gui.browser.internal.BrowserActionsHelpers.capturePageSnapshot(BrowserActionsHelpers.java:268)
	at com.shaft.gui.browser.internal.BrowserActionsHelpers.capturePageSnapshot(BrowserActionsHelpers.java:268)
	at com.shaft.gui.browser.internal.BrowserActionsHelpers.capturePageSnapshot(BrowserActionsHelpers.java:268)
	at com.shaft.gui.browser.internal.BrowserActionsHelpers.capturePageSnapshot(BrowserActionsHelpers.java:268)
	at com.shaft.gui.browser.internal.BrowserActionsHelpers.capturePageSnapshot(BrowserActionsHelpers.java:268)
	at com.shaft.gui.browser.internal.BrowserActionsHelpers.capturePageSnapshot(BrowserActionsHelpers.java:268)
	at com.shaft.gui.browser.internal.BrowserActionsHelpers.capturePageSnapshot(BrowserActionsHelpers.java:268)
	at com.shaft.gui.browser.internal.BrowserActionsHelpers.capturePageSnapshot(BrowserActionsHelpers.java:268)
	at com.shaft.gui.browser.internal.BrowserActionsHelpers.capturePageSnapshot(BrowserActionsHelpers.java:268)
	at com.shaft.gui.browser.internal.BrowserActionsHelpers.capturePageSnapshot(BrowserActionsHelpers.java:268)
	at com.shaft.gui.browser.internal.BrowserActionsHelpers.capturePageSnapshot(BrowserActionsHelpers.java:268)
	at com.shaft.gui.browser.internal.BrowserActionsHelpers.capturePageSnapshot(BrowserActionsHelpers.java:268)
	at com.shaft.gui.browser.internal.BrowserActionsHelpers.capturePageSnapshot(BrowserActionsHelpers.java:268)
	at com.shaft.gui.browser.internal.BrowserActionsHelpers.capturePageSnapshot(BrowserActionsHelpers.java:268)
	at com.shaft.gui.browser.internal.BrowserActionsHelpers.capturePageSnapshot(BrowserActionsHelpers.java:268)
	at com.shaft.gui.browser.internal.BrowserActionsHelpers.capturePageSnapshot(BrowserActionsHelpers.java:268)
	at com.shaft.gui.browser.internal.BrowserActionsHelpers.capturePageSnapshot(BrowserActionsHelpers.java:268)
	at com.shaft.gui.browser.internal.BrowserActionsHelpers.capturePageSnapshot(BrowserActionsHelpers.java:268)
	at com.shaft.gui.browser.internal.BrowserActionsHelpers.capturePageSnapshot(BrowserActionsHelpers.java:268)
	at com.shaft.gui.browser.internal.BrowserActionsHelpers.capturePageSnapshot(BrowserActionsHelpers.java:268)
	at com.shaft.gui.browser.internal.BrowserActionsHelpers.capturePageSnapshot(BrowserActionsHelpers.java:268)
	at com.shaft.gui.browser.internal.BrowserActionsHelpers.capturePageSnapshot(BrowserActionsHelpers.java:268)
	at com.shaft.gui.browser.internal.BrowserActionsHelpers.capturePageSnapshot(BrowserActionsHelpers.java:268)
	at com.shaft.gui.browser.internal.BrowserActionsHelpers.capturePageSnapshot(BrowserActionsHelpers.java:268)
	at com.shaft.gui.browser.internal.BrowserActionsHelpers.capturePageSnapshot(BrowserActionsHelpers.java:268)
	at com.shaft.gui.browser.internal.BrowserActionsHelpers.capturePageSnapshot(BrowserActionsHelpers.java:268)
	at com.shaft.gui.browser.internal.BrowserActionsHelpers.capturePageSnapshot(BrowserActionsHelpers.java:268)
	at com.shaft.gui.browser.internal.BrowserActionsHelpers.capturePageSnapshot(BrowserActionsHelpers.java:268)
	at com.shaft.gui.browser.internal.BrowserActionsHelpers.capturePageSnapshot(BrowserActionsHelpers.java:268)
	at com.shaft.gui.browser.internal.BrowserActionsHelpers.capturePageSnapshot(BrowserActionsHelpers.java:268)
	at com.shaft.gui.browser.internal.BrowserActionsHelpers.capturePageSnapshot(BrowserActionsHelpers.java:268)
	at com.shaft.gui.browser.internal.BrowserActionsHelpers.capturePageSnapshot(BrowserActionsHelpers.java:268)
	at com.shaft.gui.browser.internal.BrowserActionsHelpers.capturePageSnapshot(BrowserActionsHelpers.java:268)
	at com.shaft.gui.browser.internal.BrowserActionsHelpers.capturePageSnapshot(BrowserActionsHelpers.java:268)
	at com.shaft.gui.browser.internal.BrowserActionsHelpers.capturePageSnapshot(BrowserActionsHelpers.java:268)
	at com.shaft.gui.browser.internal.BrowserActionsHelpers.capturePageSnapshot(BrowserActionsHelpers.java:268)
	at com.shaft.gui.browser.internal.BrowserActionsHelpers.capturePageSnapshot(BrowserActionsHelpers.java:268)
	at com.shaft.gui.browser.internal.BrowserActionsHelpers.capturePageSnapshot(BrowserActionsHelpers.java:268)
	at com.shaft.gui.browser.internal.BrowserActionsHelpers.capturePageSnapshot(BrowserActionsHelpers.java:268)
	at com.shaft.gui.browser.internal.BrowserActionsHelpers.capturePageSnapshot(BrowserActionsHelpers.java:268)
	at com.shaft.gui.browser.internal.BrowserActionsHelpers.capturePageSnapshot(BrowserActionsHelpers.java:268)
	at com.shaft.gui.browser.internal.BrowserActionsHelpers.capturePageSnapshot(BrowserActionsHelpers.java:268)
	at com.shaft.gui.browser.internal.BrowserActionsHelpers.capturePageSnapshot(BrowserActionsHelpers.java:268)
	at com.shaft.gui.browser.internal.BrowserActionsHelpers.capturePageSnapshot(BrowserActionsHelpers.java:268)
	at com.shaft.gui.browser.internal.BrowserActionsHelpers.capturePageSnapshot(BrowserActionsHelpers.java:268)
	at com.shaft.gui.browser.internal.BrowserActionsHelpers.capturePageSnapshot(BrowserActionsHelpers.java:268)
	at com.shaft.gui.browser.internal.BrowserActionsHelpers.capturePageSnapshot(BrowserActionsHelpers.java:268)
	at com.shaft.gui.browser.internal.BrowserActionsHelpers.capturePageSnapshot(BrowserActionsHelpers.java:268)
	at com.shaft.gui.browser.internal.BrowserActionsHelpers.capturePageSnapshot(BrowserActionsHelpers.java:268)
	at com.shaft.gui.browser.internal.BrowserActionsHelpers.capturePageSnapshot(BrowserActionsHelpers.java:268)
	at com.shaft.gui.browser.internal.BrowserActionsHelpers.capturePageSnapshot(BrowserActionsHelpers.java:268)
	at com.shaft.gui.browser.internal.BrowserActionsHelpers.capturePageSnapshot(BrowserActionsHelpers.java:268)
	at com.shaft.gui.browser.internal.BrowserActionsHelpers.capturePageSnapshot(BrowserActionsHelpers.java:268)
	at com.shaft.gui.browser.internal.BrowserActionsHelpers.capturePageSnapshot(BrowserActionsHelpers.java:268)
	at com.shaft.gui.browser.internal.BrowserActionsHelpers.capturePageSnapshot(BrowserActionsHelpers.java:268)
	at com.shaft.gui.browser.internal.BrowserActionsHelpers.capturePageSnapshot(BrowserActionsHelpers.java:268)
	at com.shaft.gui.browser.internal.BrowserActionsHelpers.capturePageSnapshot(BrowserActionsHelpers.java:268)
	at com.shaft.gui.browser.internal.BrowserActionsHelpers.capturePageSnapshot(BrowserActionsHelpers.java:268)
	at com.shaft.gui.browser.internal.BrowserActionsHelpers.capturePageSnapshot(BrowserActionsHelpers.java:268)
	at com.shaft.gui.browser.internal.BrowserActionsHelpers.capturePageSnapshot(BrowserActionsHelpers.java:268)
	at com.shaft.gui.browser.internal.BrowserActionsHelpers.capturePageSnapshot(BrowserActionsHelpers.java:268)
	at com.shaft.gui.browser.internal.BrowserActionsHelpers.capturePageSnapshot(BrowserActionsHelpers.java:268)
	at com.shaft.gui.browser.internal.BrowserActionsHelpers.capturePageSnapshot(BrowserActionsHelpers.java:268)
	at com.shaft.gui.browser.internal.BrowserActionsHelpers.capturePageSnapshot(BrowserActionsHelpers.java:268)
	at com.shaft.gui.browser.internal.BrowserActionsHelpers.capturePageSnapshot(BrowserActionsHelpers.java:268)
	at com.shaft.gui.browser.internal.BrowserActionsHelpers.capturePageSnapshot(BrowserActionsHelpers.java:268)
	at com.shaft.gui.browser.internal.BrowserActionsHelpers.capturePageSnapshot(BrowserActionsHelpers.java:268)
	at com.shaft.gui.browser.internal.BrowserActionsHelpers.capturePageSnapshot(BrowserActionsHelpers.java:268)
	at com.shaft.gui.browser.internal.BrowserActionsHelpers.capturePageSnapshot(BrowserActionsHelpers.java:268)
	at com.shaft.gui.browser.internal.BrowserActionsHelpers.capturePageSnapshot(BrowserActionsHelpers.java:268)
	at com.shaft.gui.browser.internal.BrowserActionsHelpers.capturePageSnapshot(BrowserActionsHelpers.java:268)
	at com.shaft.gui.browser.internal.BrowserActionsHelpers.capturePageSnapshot(BrowserActionsHelpers.java:268)
	at com.shaft.gui.browser.internal.BrowserActionsHelpers.capturePageSnapshot(BrowserActionsHelpers.java:268)
	at com.shaft.gui.browser.internal.BrowserActionsHelpers.capturePageSnapshot(BrowserActionsHelpers.java:268)
	at com.shaft.gui.browser.internal.BrowserActionsHelpers.capturePageSnapshot(BrowserActionsHelpers.java:268)
	at com.shaft.gui.browser.internal.BrowserActionsHelpers.capturePageSnapshot(BrowserActionsHelpers.java:268)
	at com.shaft.gui.browser.internal.BrowserActionsHelpers.capturePageSnapshot(BrowserActionsHelpers.java:268)
	at com.shaft.gui.browser.internal.BrowserActionsHelpers.capturePageSnapshot(BrowserActionsHelpers.java:268)
	at com.shaft.gui.browser.internal.BrowserActionsHelpers.capturePageSnapshot(BrowserActionsHelpers.java:268)
	at com.shaft.gui.browser.internal.BrowserActionsHelpers.capturePageSnapshot(BrowserActionsHelpers.java:268)
	at com.shaft.gui.browser.internal.BrowserActionsHelpers.capturePageSnapshot(BrowserActionsHelpers.java:268)
	at com.shaft.gui.browser.internal.BrowserActionsHelpers.capturePageSnapshot(BrowserActionsHelpers.java:268)
	at com.shaft.gui.browser.internal.BrowserActionsHelpers.capturePageSnapshot(BrowserActionsHelpers.java:268)
	at com.shaft.gui.browser.internal.BrowserActionsHelpers.capturePageSnapshot(BrowserActionsHelpers.java:268)
	at com.shaft.gui.browser.internal.BrowserActionsHelpers.capturePageSnapshot(BrowserActionsHelpers.java:268)
	at com.shaft.gui.browser.internal.BrowserActionsHelpers.capturePageSnapshot(BrowserActionsHelpers.java:268)
	at com.shaft.gui.browser.internal.BrowserActionsHelpers.capturePageSnapshot(BrowserActionsHelpers.java:268)
	at com.shaft.gui.browser.internal.BrowserActionsHelpers.capturePageSnapshot(BrowserActionsHelpers.java:268)
	at com.shaft.gui.browser.internal.BrowserActionsHelpers.capturePageSnapshot(BrowserActionsHelpers.java:268)
	at com.shaft.gui.browser.internal.BrowserActionsHelpers.capturePageSnapshot(BrowserActionsHelpers.java:268)
	at com.shaft.gui.browser.internal.BrowserActionsHelpers.capturePageSnapshot(BrowserActionsHelpers.java:268)
	at com.shaft.gui.browser.internal.BrowserActionsHelpers.capturePageSnapshot(BrowserActionsHelpers.java:268)
	at com.shaft.gui.browser.internal.BrowserActionsHelpers.capturePageSnapshot(BrowserActionsHelpers.java:268)
	at com.shaft.gui.browser.internal.BrowserActionsHelpers.capturePageSnapshot(BrowserActionsHelpers.java:268)
	at com.shaft.gui.browser.internal.BrowserActionsHelpers.capturePageSnapshot(BrowserActionsHelpers.java:268)
	at com.shaft.gui.browser.internal.BrowserActionsHelpers.capturePageSnapshot(BrowserActionsHelpers.java:268)
	at com.shaft.gui.browser.internal.BrowserActionsHelpers.capturePageSnapshot(BrowserActionsHelpers.java:268)
	at com.shaft.gui.browser.internal.BrowserActionsHelpers.capturePageSnapshot(BrowserActionsHelpers.java:268)
	at com.shaft.gui.browser.internal.BrowserActionsHelpers.capturePageSnapshot(BrowserActionsHelpers.java:268)
	at com.shaft.gui.browser.internal.BrowserActionsHelpers.capturePageSnapshot(BrowserActionsHelpers.java:268)
	at com.shaft.gui.browser.internal.BrowserActionsHelpers.capturePageSnapshot(BrowserActionsHelpers.java:268)
	at com.shaft.gui.browser.internal.BrowserActionsHelpers.capturePageSnapshot(BrowserActionsHelpers.java:268)
	at com.shaft.gui.browser.internal.BrowserActionsHelpers.capturePageSnapshot(BrowserActionsHelpers.java:268)
	at com.shaft.gui.browser.internal.BrowserActionsHelpers.capturePageSnapshot(BrowserActionsHelpers.java:268)
	at com.shaft.gui.browser.internal.BrowserActionsHelpers.capturePageSnapshot(BrowserActionsHelpers.java:268)
	at com.shaft.gui.browser.internal.BrowserActionsHelpers.capturePageSnapshot(BrowserActionsHelpers.java:268)
	at com.shaft.gui.browser.internal.BrowserActionsHelpers.capturePageSnapshot(BrowserActionsHelpers.java:268)
	at com.shaft.gui.browser.internal.BrowserActionsHelpers.capturePageSnapshot(BrowserActionsHelpers.java:268)
	at com.shaft.gui.browser.internal.BrowserActionsHelpers.capturePageSnapshot(BrowserActionsHelpers.java:268)
	at com.shaft.gui.browser.internal.BrowserActionsHelpers.capturePageSnapshot(BrowserActionsHelpers.java:268)
	at com.shaft.gui.browser.internal.BrowserActionsHelpers.capturePageSnapshot(BrowserActionsHelpers.java:268)
	at com.shaft.gui.browser.internal.BrowserActionsHelpers.capturePageSnapshot(BrowserActionsHelpers.java:268)
	at com.shaft.gui.browser.internal.BrowserActionsHelpers.capturePageSnapshot(BrowserActionsHelpers.java:268)
	at com.shaft.gui.browser.internal.BrowserActionsHelpers.capturePageSnapshot(BrowserActionsHelpers.java:268)
	at com.shaft.gui.browser.internal.BrowserActionsHelpers.capturePageSnapshot(BrowserActionsHelpers.java:268)
	at com.shaft.gui.browser.internal.BrowserActionsHelpers.capturePageSnapshot(BrowserActionsHelpers.java:268)
	at com.shaft.gui.browser.internal.BrowserActionsHelpers.capturePageSnapshot(BrowserActionsHelpers.java:268)
	at com.shaft.gui.browser.internal.BrowserActionsHelpers.capturePageSnapshot(BrowserActionsHelpers.java:268)
	at com.shaft.gui.browser.internal.BrowserActionsHelpers.capturePageSnapshot(BrowserActionsHelpers.java:268)
	at com.shaft.gui.browser.internal.BrowserActionsHelpers.capturePageSnapshot(BrowserActionsHelpers.java:268)
	at com.shaft.gui.browser.internal.BrowserActionsHelpers.capturePageSnapshot(BrowserActionsHelpers.java:268)
	at com.shaft.gui.browser.internal.BrowserActionsHelpers.capturePageSnapshot(BrowserActionsHelpers.java:268)
	at com.shaft.gui.browser.internal.BrowserActionsHelpers.capturePageSnapshot(BrowserActionsHelpers.java:268)
	at com.shaft.gui.browser.internal.BrowserActionsHelpers.capturePageSnapshot(BrowserActionsHelpers.java:268)
	at com.shaft.gui.browser.internal.BrowserActionsHelpers.capturePageSnapshot(BrowserActionsHelpers.java:268)
	at com.shaft.gui.browser.internal.BrowserActionsHelpers.capturePageSnapshot(BrowserActionsHelpers.java:268)
	at com.shaft.gui.browser.internal.BrowserActionsHelpers.capturePageSnapshot(BrowserActionsHelpers.java:268)
	at com.shaft.gui.browser.internal.BrowserActionsHelpers.capturePageSnapshot(BrowserActionsHelpers.java:268)
	at com.shaft.gui.browser.internal.BrowserActionsHelpers.capturePageSnapshot(BrowserActionsHelpers.java:268)
	at com.shaft.gui.browser.internal.BrowserActionsHelpers.capturePageSnapshot(BrowserActionsHelpers.java:268)
	at com.shaft.gui.browser.internal.BrowserActionsHelpers.capturePageSnapshot(BrowserActionsHelpers.java:268)
	at com.shaft.gui.browser.internal.BrowserActionsHelpers.capturePageSnapshot(BrowserActionsHelpers.java:268)
	at com.shaft.gui.browser.internal.BrowserActionsHelpers.capturePageSnapshot(BrowserActionsHelpers.java:268)
	at com.shaft.gui.browser.internal.BrowserActionsHelpers.capturePageSnapshot(BrowserActionsHelpers.java:268)
	at com.shaft.gui.browser.internal.BrowserActionsHelpers.capturePageSnapshot(BrowserActionsHelpers.java:268)
	at com.shaft.gui.browser.internal.BrowserActionsHelpers.capturePageSnapshot(BrowserActionsHelpers.java:268)
	at com.shaft.gui.browser.internal.BrowserActionsHelpers.capturePageSnapshot(BrowserActionsHelpers.java:268)
	at com.shaft.gui.browser.internal.BrowserActionsHelpers.capturePageSnapshot(BrowserActionsHelpers.java:268)
	at com.shaft.gui.browser.internal.BrowserActionsHelpers.capturePageSnapshot(BrowserActionsHelpers.java:268)
	at com.shaft.gui.browser.internal.BrowserActionsHelpers.capturePageSnapshot(BrowserActionsHelpers.java:268)
	at com.shaft.gui.browser.internal.BrowserActionsHelpers.capturePageSnapshot(BrowserActionsHelpers.java:268)
	at com.shaft.gui.browser.internal.BrowserActionsHelpers.capturePageSnapshot(BrowserActionsHelpers.java:268)
	at com.shaft.gui.browser.internal.BrowserActionsHelpers.capturePageSnapshot(BrowserActionsHelpers.java:268)
	at com.shaft.gui.browser.internal.BrowserActionsHelpers.capturePageSnapshot(BrowserActionsHelpers.java:268)
	at com.shaft.gui.browser.internal.BrowserActionsHelpers.capturePageSnapshot(BrowserActionsHelpers.java:268)
	at com.shaft.gui.browser.internal.BrowserActionsHelpers.capturePageSnapshot(BrowserActionsHelpers.java:268)
	at com.shaft.gui.browser.internal.BrowserActionsHelpers.capturePageSnapshot(BrowserActionsHelpers.java:268)
	at com.shaft.gui.browser.internal.BrowserActionsHelpers.capturePageSnapshot(BrowserActionsHelpers.java:268)
	at com.shaft.gui.browser.internal.BrowserActionsHelpers.capturePageSnapshot(BrowserActionsHelpers.java:268)
	at com.shaft.gui.browser.internal.BrowserActionsHelpers.capturePageSnapshot(BrowserActionsHelpers.java:268)
	at com.shaft.gui.browser.internal.BrowserActionsHelpers.capturePageSnapshot(BrowserActionsHelpers.java:268)
	at com.shaft.gui.browser.internal.BrowserActionsHelpers.capturePageSnapshot(BrowserActionsHelpers.java:268)
	at com.shaft.gui.browser.internal.BrowserActionsHelpers.capturePageSnapshot(BrowserActionsHelpers.java:268)
	at com.shaft.gui.browser.internal.BrowserActionsHelpers.capturePageSnapshot(BrowserActionsHelpers.java:268)
	at com.shaft.gui.browser.internal.BrowserActionsHelpers.capturePageSnapshot(BrowserActionsHelpers.java:268)
	at com.shaft.gui.browser.internal.BrowserActionsHelpers.capturePageSnapshot(BrowserActionsHelpers.java:268)
	at com.shaft.gui.browser.internal.BrowserActionsHelpers.capturePageSnapshot(BrowserActionsHelpers.java:268)
	at com.shaft.gui.browser.internal.BrowserActionsHelpers.capturePageSnapshot(BrowserActionsHelpers.java:268)
	at com.shaft.gui.browser.internal.BrowserActionsHelpers.capturePageSnapshot(BrowserActionsHelpers.java:268)
	at com.shaft.gui.browser.internal.BrowserActionsHelpers.capturePageSnapshot(BrowserActionsHelpers.java:268)
	at com.shaft.gui.browser.internal.BrowserActionsHelpers.capturePageSnapshot(BrowserActionsHelpers.java:268)
	at com.shaft.gui.browser.internal.BrowserActionsHelpers.capturePageSnapshot(BrowserActionsHelpers.java:268)
	at com.shaft.gui.browser.internal.BrowserActionsHelpers.capturePageSnapshot(BrowserActionsHelpers.java:268)
	at com.shaft.gui.browser.internal.BrowserActionsHelpers.capturePageSnapshot(BrowserActionsHelpers.java:268)
	at com.shaft.gui.browser.internal.BrowserActionsHelpers.capturePageSnapshot(BrowserActionsHelpers.java:268)
	at com.shaft.gui.browser.internal.BrowserActionsHelpers.capturePageSnapshot(BrowserActionsHelpers.java:268)
	at com.shaft.gui.browser.internal.BrowserActionsHelpers.capturePageSnapshot(BrowserActionsHelpers.java:268)
	at com.shaft.gui.browser.internal.BrowserActionsHelpers.capturePageSnapshot(BrowserActionsHelpers.java:268)
	at com.shaft.gui.browser.internal.BrowserActionsHelpers.capturePageSnapshot(BrowserActionsHelpers.java:268)
	at com.shaft.gui.browser.internal.BrowserActionsHelpers.capturePageSnapshot(BrowserActionsHelpers.java:268)
	at com.shaft.gui.browser.internal.BrowserActionsHelpers.capturePageSnapshot(BrowserActionsHelpers.java:268)
	at com.shaft.gui.browser.internal.BrowserActionsHelpers.capturePageSnapshot(BrowserActionsHelpers.java:268)
	at com.shaft.gui.browser.internal.BrowserActionsHelpers.capturePageSnapshot(BrowserActionsHelpers.java:268)
	at com.shaft.gui.browser.internal.BrowserActionsHelpers.capturePageSnapshot(BrowserActionsHelpers.java:268)
	at com.shaft.gui.browser.internal.BrowserActionsHelpers.capturePageSnapshot(BrowserActionsHelpers.java:268)
	at com.shaft.gui.browser.internal.BrowserActionsHelpers.capturePageSnapshot(BrowserActionsHelpers.java:268)
	at com.shaft.gui.browser.internal.BrowserActionsHelpers.capturePageSnapshot(BrowserActionsHelpers.java:268)
	at com.shaft.gui.browser.internal.BrowserActionsHelpers.capturePageSnapshot(BrowserActionsHelpers.java:268)
	at com.shaft.gui.browser.internal.BrowserActionsHelpers.capturePageSnapshot(BrowserActionsHelpers.java:268)
	at com.shaft.gui.browser.internal.BrowserActionsHelpers.capturePageSnapshot(BrowserActionsHelpers.java:268)
	at com.shaft.gui.browser.internal.BrowserActionsHelpers.capturePageSnapshot(BrowserActionsHelpers.java:268)
	at com.shaft.gui.browser.internal.BrowserActionsHelpers.capturePageSnapshot(BrowserActionsHelpers.java:268)
	at com.shaft.gui.browser.internal.BrowserActionsHelpers.capturePageSnapshot(BrowserActionsHelpers.java:268)
	at com.shaft.gui.browser.internal.BrowserActionsHelpers.capturePageSnapshot(BrowserActionsHelpers.java:268)
	at com.shaft.gui.browser.internal.BrowserActionsHelpers.capturePageSnapshot(BrowserActionsHelpers.java:268)
	at com.shaft.gui.browser.internal.BrowserActionsHelpers.capturePageSnapshot(BrowserActionsHelpers.java:268)
	at com.shaft.gui.browser.internal.BrowserActionsHelpers.capturePageSnapshot(BrowserActionsHelpers.java:268)
	at com.shaft.gui.browser.internal.BrowserActionsHelpers.capturePageSnapshot(BrowserActionsHelpers.java:268)
	at com.shaft.gui.browser.internal.BrowserActionsHelpers.capturePageSnapshot(BrowserActionsHelpers.java:268)
	at com.shaft.gui.browser.internal.BrowserActionsHelpers.capturePageSnapshot(BrowserActionsHelpers.java:268)
	at com.shaft.gui.browser.internal.BrowserActionsHelpers.capturePageSnapshot(BrowserActionsHelpers.java:268)
	at com.shaft.gui.browser.internal.BrowserActionsHelpers.capturePageSnapshot(BrowserActionsHelpers.java:268)
	at com.shaft.gui.browser.internal.BrowserActionsHelpers.capturePageSnapshot(BrowserActionsHelpers.java:268)
	at com.shaft.gui.browser.internal.BrowserActionsHelpers.capturePageSnapshot(BrowserActionsHelpers.java:268)
	at com.shaft.gui.browser.internal.BrowserActionsHelpers.capturePageSnapshot(BrowserActionsHelpers.java:268)
	at com.shaft.gui.browser.internal.BrowserActionsHelpers.capturePageSnapshot(BrowserActionsHelpers.java:268)
	at com.shaft.gui.browser.internal.BrowserActionsHelpers.capturePageSnapshot(BrowserActionsHelpers.java:268)
	at com.shaft.gui.browser.internal.BrowserActionsHelpers.capturePageSnapshot(BrowserActionsHelpers.java:268)
	at com.shaft.gui.browser.internal.BrowserActionsHelpers.capturePageSnapshot(BrowserActionsHelpers.java:268)
	at com.shaft.gui.browser.internal.BrowserActionsHelpers.capturePageSnapshot(BrowserActionsHelpers.java:268)
	at com.shaft.gui.browser.internal.BrowserActionsHelpers.capturePageSnapshot(BrowserActionsHelpers.java:268)
	at com.shaft.gui.browser.internal.BrowserActionsHelpers.capturePageSnapshot(BrowserActionsHelpers.java:268)
	at com.shaft.gui.browser.internal.BrowserActionsHelpers.capturePageSnapshot(BrowserActionsHelpers.java:268)
	at com.shaft.gui.browser.internal.BrowserActionsHelpers.capturePageSnapshot(BrowserActionsHelpers.java:268)
	at com.shaft.gui.browser.internal.BrowserActionsHelpers.capturePageSnapshot(BrowserActionsHelpers.java:268)
	at com.shaft.gui.browser.internal.BrowserActionsHelpers.capturePageSnapshot(BrowserActionsHelpers.java:268)
	at com.shaft.gui.browser.internal.BrowserActionsHelpers.capturePageSnapshot(BrowserActionsHelpers.java:268)
	at com.shaft.gui.browser.internal.BrowserActionsHelpers.capturePageSnapshot(BrowserActionsHelpers.java:268)
	at com.shaft.gui.browser.internal.BrowserActionsHelpers.capturePageSnapshot(BrowserActionsHelpers.java:268)
	at com.shaft.gui.browser.internal.BrowserActionsHelpers.capturePageSnapshot(BrowserActionsHelpers.java:268)
	at com.shaft.gui.browser.internal.BrowserActionsHelpers.capturePageSnapshot(BrowserActionsHelpers.java:268)
	at com.shaft.gui.browser.internal.BrowserActionsHelpers.capturePageSnapshot(BrowserActionsHelpers.java:268)
	at com.shaft.gui.browser.internal.BrowserActionsHelpers.capturePageSnapshot(BrowserActionsHelpers.java:268)
	at com.shaft.gui.browser.internal.BrowserActionsHelpers.capturePageSnapshot(BrowserActionsHelpers.java:268)
	at com.shaft.gui.browser.internal.BrowserActionsHelpers.capturePageSnapshot(BrowserActionsHelpers.java:268)
	at com.shaft.gui.browser.internal.BrowserActionsHelpers.capturePageSnapshot(BrowserActionsHelpers.java:268)
	at com.shaft.gui.browser.internal.BrowserActionsHelpers.capturePageSnapshot(BrowserActionsHelpers.java:268)
	at com.shaft.gui.browser.internal.BrowserActionsHelpers.capturePageSnapshot(BrowserActionsHelpers.java:268)
	at com.shaft.gui.browser.internal.BrowserActionsHelpers.capturePageSnapshot(BrowserActionsHelpers.java:268)
	at com.shaft.gui.browser.internal.BrowserActionsHelpers.capturePageSnapshot(BrowserActionsHelpers.java:268)
	at com.shaft.gui.browser.internal.BrowserActionsHelpers.capturePageSnapshot(BrowserActionsHelpers.java:268)
	at com.shaft.gui.browser.internal.BrowserActionsHelpers.capturePageSnapshot(BrowserActionsHelpers.java:268)
	at com.shaft.gui.browser.internal.BrowserActionsHelpers.capturePageSnapshot(BrowserActionsHelpers.java:268)
	at com.shaft.gui.browser.internal.BrowserActionsHelpers.capturePageSnapshot(BrowserActionsHelpers.java:268)
	at com.shaft.gui.browser.internal.BrowserActionsHelpers.capturePageSnapshot(BrowserActionsHelpers.java:268)
	at com.shaft.gui.browser.internal.BrowserActionsHelpers.capturePageSnapshot(BrowserActionsHelpers.java:268)
	at com.shaft.gui.browser.internal.BrowserActionsHelpers.capturePageSnapshot(BrowserActionsHelpers.java:268)
	at com.shaft.gui.browser.internal.BrowserActionsHelpers.capturePageSnapshot(BrowserActionsHelpers.java:268)
	at com.shaft.gui.browser.internal.BrowserActionsHelpers.capturePageSnapshot(BrowserActionsHelpers.java:268)
	at com.shaft.gui.browser.internal.BrowserActionsHelpers.capturePageSnapshot(BrowserActionsHelpers.java:268)
	at com.shaft.gui.browser.internal.BrowserActionsHelpers.capturePageSnapshot(BrowserActionsHelpers.java:268)
	at com.shaft.gui.browser.internal.BrowserActionsHelpers.capturePageSnapshot(BrowserActionsHelpers.java:268)
	at com.shaft.gui.browser.internal.BrowserActionsHelpers.capturePageSnapshot(BrowserActionsHelpers.java:268)
	at com.shaft.gui.browser.internal.BrowserActionsHelpers.capturePageSnapshot(BrowserActionsHelpers.java:268)
	at com.shaft.gui.browser.internal.BrowserActionsHelpers.capturePageSnapshot(BrowserActionsHelpers.java:268)
	at com.shaft.gui.browser.internal.BrowserActionsHelpers.capturePageSnapshot(BrowserActionsHelpers.java:268)
	at com.shaft.gui.browser.internal.BrowserActionsHelpers.capturePageSnapshot(BrowserActionsHelpers.java:268)
	at com.shaft.gui.browser.internal.BrowserActionsHelpers.capturePageSnapshot(BrowserActionsHelpers.java:268)
	at com.shaft.gui.browser.internal.BrowserActionsHelpers.capturePageSnapshot(BrowserActionsHelpers.java:268)
	at com.shaft.gui.browser.internal.BrowserActionsHelpers.capturePageSnapshot(BrowserActionsHelpers.java:268)
	at com.shaft.gui.browser.internal.BrowserActionsHelpers.capturePageSnapshot(BrowserActionsHelpers.java:268)
	at com.shaft.gui.browser.internal.BrowserActionsHelpers.capturePageSnapshot(BrowserActionsHelpers.java:268)
	at com.shaft.gui.browser.internal.BrowserActionsHelpers.capturePageSnapshot(BrowserActionsHelpers.java:268)
	at com.shaft.gui.browser.internal.BrowserActionsHelpers.capturePageSnapshot(BrowserActionsHelpers.java:268)
	at com.shaft.gui.browser.internal.BrowserActionsHelpers.capturePageSnapshot(BrowserActionsHelpers.java:268)
	at com.shaft.gui.browser.internal.BrowserActionsHelpers.capturePageSnapshot(BrowserActionsHelpers.java:268)
	at com.shaft.gui.browser.internal.BrowserActionsHelpers.capturePageSnapshot(BrowserActionsHelpers.java:268)
	at com.shaft.gui.browser.internal.BrowserActionsHelpers.capturePageSnapshot(BrowserActionsHelpers.java:268)
	at com.shaft.gui.browser.internal.BrowserActionsHelpers.capturePageSnapshot(BrowserActionsHelpers.java:268)
	at com.shaft.gui.browser.internal.BrowserActionsHelpers.capturePageSnapshot(BrowserActionsHelpers.java:268)
	at com.shaft.gui.browser.internal.BrowserActionsHelpers.capturePageSnapshot(BrowserActionsHelpers.java:268)
	at com.shaft.gui.browser.internal.BrowserActionsHelpers.capturePageSnapshot(BrowserActionsHelpers.java:268)
	at com.shaft.gui.browser.internal.BrowserActionsHelpers.capturePageSnapshot(BrowserActionsHelpers.java:268)
	at com.shaft.gui.browser.internal.BrowserActionsHelpers.capturePageSnapshot(BrowserActionsHelpers.java:268)
	at com.shaft.gui.browser.internal.BrowserActionsHelpers.capturePageSnapshot(BrowserActionsHelpers.java:268)
	at com.shaft.gui.browser.internal.BrowserActionsHelpers.capturePageSnapshot(BrowserActionsHelpers.java:268)
	at com.shaft.gui.browser.internal.BrowserActionsHelpers.capturePageSnapshot(BrowserActionsHelpers.java:268)
	at com.shaft.gui.browser.internal.BrowserActionsHelpers.capturePageSnapshot(BrowserActionsHelpers.java:268)
	at com.shaft.gui.browser.internal.BrowserActionsHelpers.capturePageSnapshot(BrowserActionsHelpers.java:268)
	at com.shaft.gui.browser.internal.BrowserActionsHelpers.capturePageSnapshot(BrowserActionsHelpers.java:268)
	at com.shaft.gui.browser.internal.BrowserActionsHelpers.capturePageSnapshot(BrowserActionsHelpers.java:268)
	at com.shaft.gui.browser.internal.BrowserActionsHelpers.capturePageSnapshot(BrowserActionsHelpers.java:268)
	at com.shaft.gui.browser.internal.BrowserActionsHelpers.capturePageSnapshot(BrowserActionsHelpers.java:268)
	at com.shaft.gui.browser.internal.BrowserActionsHelpers.capturePageSnapshot(BrowserActionsHelpers.java:268)
	at com.shaft.gui.browser.internal.BrowserActionsHelpers.capturePageSnapshot(BrowserActionsHelpers.java:268)
	at com.shaft.gui.browser.internal.BrowserActionsHelpers.capturePageSnapshot(BrowserActionsHelpers.java:268)
	at com.shaft.gui.browser.internal.BrowserActionsHelpers.capturePageSnapshot(BrowserActionsHelpers.java:268)
	at com.shaft.gui.browser.internal.BrowserActionsHelpers.capturePageSnapshot(BrowserActionsHelpers.java:268)
	at com.shaft.gui.browser.internal.BrowserActionsHelpers.capturePageSnapshot(BrowserActionsHelpers.java:268)
	at com.shaft.gui.browser.internal.BrowserActionsHelpers.capturePageSnapshot(BrowserActionsHelpers.java:268)
	at com.shaft.gui.browser.internal.BrowserActionsHelpers.capturePageSnapshot(BrowserActionsHelpers.java:268)
	at com.shaft.gui.browser.internal.BrowserActionsHelpers.capturePageSnapshot(BrowserActionsHelpers.java:268)
	at com.shaft.gui.browser.internal.BrowserActionsHelpers.capturePageSnapshot(BrowserActionsHelpers.java:268)
	at com.shaft.gui.browser.internal.BrowserActionsHelpers.capturePageSnapshot(BrowserActionsHelpers.java:268)
	at com.shaft.gui.browser.internal.BrowserActionsHelpers.capturePageSnapshot(BrowserActionsHelpers.java:268)
	at com.shaft.gui.browser.internal.BrowserActionsHelpers.capturePageSnapshot(BrowserActionsHelpers.java:268)
	at com.shaft.gui.browser.internal.BrowserActionsHelpers.capturePageSnapshot(BrowserActionsHelpers.java:268)
	at com.shaft.gui.browser.internal.BrowserActionsHelpers.capturePageSnapshot(BrowserActionsHelpers.java:268)
	at com.shaft.gui.browser.internal.BrowserActionsHelpers.capturePageSnapshot(BrowserActionsHelpers.java:268)
	at com.shaft.gui.browser.internal.BrowserActionsHelpers.capturePageSnapshot(BrowserActionsHelpers.java:268)
	at com.shaft.gui.browser.internal.BrowserActionsHelpers.capturePageSnapshot(BrowserActionsHelpers.java:268)
	at com.shaft.gui.browser.internal.BrowserActionsHelpers.capturePageSnapshot(BrowserActionsHelpers.java:268)
	at com.shaft.gui.browser.internal.BrowserActionsHelpers.capturePageSnapshot(BrowserActionsHelpers.java:268)
	at com.shaft.gui.browser.internal.BrowserActionsHelpers.capturePageSnapshot(BrowserActionsHelpers.java:268)
	at com.shaft.gui.browser.internal.BrowserActionsHelpers.capturePageSnapshot(BrowserActionsHelpers.java:268)
	at com.shaft.gui.browser.internal.BrowserActionsHelpers.capturePageSnapshot(BrowserActionsHelpers.java:268)
	at com.shaft.gui.browser.internal.BrowserActionsHelpers.capturePageSnapshot(BrowserActionsHelpers.java:268)
	at com.shaft.gui.browser.internal.BrowserActionsHelpers.capturePageSnapshot(BrowserActionsHelpers.java:268)
	at com.shaft.gui.browser.internal.BrowserActionsHelpers.capturePageSnapshot(BrowserActionsHelpers.java:268)
	at com.shaft.gui.browser.internal.BrowserActionsHelpers.capturePageSnapshot(BrowserActionsHelpers.java:268)
	at com.shaft.gui.browser.internal.BrowserActionsHelpers.capturePageSnapshot(BrowserActionsHelpers.java:268)
	at com.shaft.gui.browser.internal.BrowserActionsHelpers.capturePageSnapshot(BrowserActionsHelpers.java:268)
	at com.shaft.gui.browser.internal.BrowserActionsHelpers.capturePageSnapshot(BrowserActionsHelpers.java:268)
	at com.shaft.gui.browser.internal.BrowserActionsHelpers.capturePageSnapshot(BrowserActionsHelpers.java:268)
	at com.shaft.gui.browser.internal.BrowserActionsHelpers.capturePageSnapshot(BrowserActionsHelpers.java:268)
	at com.shaft.gui.browser.internal.BrowserActionsHelpers.capturePageSnapshot(BrowserActionsHelpers.java:268)
	at com.shaft.gui.browser.internal.BrowserActionsHelpers.capturePageSnapshot(BrowserActionsHelpers.java:268)
	at com.shaft.gui.browser.internal.BrowserActionsHelpers.capturePageSnapshot(BrowserActionsHelpers.java:268)
	at com.shaft.gui.browser.internal.BrowserActionsHelpers.capturePageSnapshot(BrowserActionsHelpers.java:268)
	at com.shaft.gui.browser.internal.BrowserActionsHelpers.capturePageSnapshot(BrowserActionsHelpers.java:268)
	at com.shaft.gui.browser.internal.BrowserActionsHelpers.capturePageSnapshot(BrowserActionsHelpers.java:268)
	at com.shaft.gui.browser.internal.BrowserActionsHelpers.capturePageSnapshot(BrowserActionsHelpers.java:268)
	at com.shaft.gui.browser.internal.BrowserActionsHelpers.capturePageSnapshot(BrowserActionsHelpers.java:268)
	at com.shaft.gui.browser.internal.BrowserActionsHelpers.capturePageSnapshot(BrowserActionsHelpers.java:268)
	at com.shaft.gui.browser.internal.BrowserActionsHelpers.capturePageSnapshot(BrowserActionsHelpers.java:268)
	at com.shaft.gui.browser.internal.BrowserActionsHelpers.capturePageSnapshot(BrowserActionsHelpers.java:268)
	at com.shaft.gui.browser.internal.BrowserActionsHelpers.capturePageSnapshot(BrowserActionsHelpers.java:268)
	at com.shaft.gui.browser.internal.BrowserActionsHelpers.capturePageSnapshot(BrowserActionsHelpers.java:268)
	at com.shaft.gui.browser.internal.BrowserActionsHelpers.capturePageSnapshot(BrowserActionsHelpers.java:268)
	at com.shaft.gui.browser.internal.BrowserActionsHelpers.capturePageSnapshot(BrowserActionsHelpers.java:268)
	at com.shaft.gui.browser.internal.BrowserActionsHelpers.capturePageSnapshot(BrowserActionsHelpers.java:268)
	at com.shaft.gui.browser.internal.BrowserActionsHelpers.capturePageSnapshot(BrowserActionsHelpers.java:268)
	at com.shaft.gui.browser.internal.BrowserActionsHelpers.capturePageSnapshot(BrowserActionsHelpers.java:268)
	at com.shaft.gui.browser.internal.BrowserActionsHelpers.capturePageSnapshot(BrowserActionsHelpers.java:268)
	at com.shaft.gui.browser.internal.BrowserActionsHelpers.capturePageSnapshot(BrowserActionsHelpers.java:268)
	at com.shaft.gui.browser.internal.BrowserActionsHelpers.capturePageSnapshot(BrowserActionsHelpers.java:268)
	at com.shaft.gui.browser.internal.BrowserActionsHelpers.capturePageSnapshot(BrowserActionsHelpers.java:268)
	at com.shaft.gui.browser.internal.BrowserActionsHelpers.capturePageSnapshot(BrowserActionsHelpers.java:268)
	at com.shaft.gui.browser.internal.BrowserActionsHelpers.capturePageSnapshot(BrowserActionsHelpers.java:268)
	at com.shaft.gui.browser.internal.BrowserActionsHelpers.capturePageSnapshot(BrowserActionsHelpers.java:268)
	at com.shaft.gui.browser.internal.BrowserActionsHelpers.capturePageSnapshot(BrowserActionsHelpers.java:268)
	at com.shaft.gui.browser.internal.BrowserActionsHelpers.capturePageSnapshot(BrowserActionsHelpers.java:268)
	at com.shaft.gui.browser.internal.BrowserActionsHelpers.capturePageSnapshot(BrowserActionsHelpers.java:268)
	at com.shaft.gui.browser.internal.BrowserActionsHelpers.capturePageSnapshot(BrowserActionsHelpers.java:268)
	at com.shaft.gui.browser.internal.BrowserActionsHelpers.capturePageSnapshot(BrowserActionsHelpers.java:268)
	at com.shaft.gui.browser.internal.BrowserActionsHelpers.capturePageSnapshot(BrowserActionsHelpers.java:268)
	at com.shaft.gui.browser.internal.BrowserActionsHelpers.capturePageSnapshot(BrowserActionsHelpers.java:268)
	at com.shaft.gui.browser.internal.BrowserActionsHelpers.capturePageSnapshot(BrowserActionsHelpers.java:268)
	at com.shaft.gui.browser.internal.BrowserActionsHelpers.capturePageSnapshot(BrowserActionsHelpers.java:268)
	at com.shaft.gui.browser.internal.BrowserActionsHelpers.capturePageSnapshot(BrowserActionsHelpers.java:268)
	at com.shaft.gui.browser.internal.BrowserActionsHelpers.capturePageSnapshot(BrowserActionsHelpers.java:268)
	at com.shaft.gui.browser.internal.BrowserActionsHelpers.capturePageSnapshot(BrowserActionsHelpers.java:268)
	at com.shaft.gui.browser.internal.BrowserActionsHelpers.capturePageSnapshot(BrowserActionsHelpers.java:268)
	at com.shaft.gui.browser.internal.BrowserActionsHelpers.capturePageSnapshot(BrowserActionsHelpers.java:268)
	at com.shaft.gui.browser.internal.BrowserActionsHelpers.capturePageSnapshot(BrowserActionsHelpers.java:268)
	at com.shaft.gui.browser.internal.BrowserActionsHelpers.capturePageSnapshot(BrowserActionsHelpers.java:268)
	at com.shaft.gui.browser.internal.BrowserActionsHelpers.capturePageSnapshot(BrowserActionsHelpers.java:268)
	at com.shaft.gui.browser.internal.BrowserActionsHelpers.capturePageSnapshot(BrowserActionsHelpers.java:268)
	at com.shaft.gui.browser.internal.BrowserActionsHelpers.capturePageSnapshot(BrowserActionsHelpers.java:268)
	at com.shaft.gui.browser.internal.BrowserActionsHelpers.capturePageSnapshot(BrowserActionsHelpers.java:268)
	at com.shaft.gui.browser.internal.BrowserActionsHelpers.capturePageSnapshot(BrowserActionsHelpers.java:268)
	at com.shaft.gui.browser.internal.BrowserActionsHelpers.capturePageSnapshot(BrowserActionsHelpers.java:268)
	at com.shaft.gui.browser.internal.BrowserActionsHelpers.capturePageSnapshot(BrowserActionsHelpers.java:268)
	at com.shaft.gui.browser.internal.BrowserActionsHelpers.capturePageSnapshot(BrowserActionsHelpers.java:268)
	at com.shaft.gui.browser.internal.BrowserActionsHelpers.capturePageSnapshot(BrowserActionsHelpers.java:268)
	at com.shaft.gui.browser.internal.BrowserActionsHelpers.capturePageSnapshot(BrowserActionsHelpers.java:268)
	at com.shaft.gui.browser.internal.BrowserActionsHelpers.capturePageSnapshot(BrowserActionsHelpers.java:268)
	at com.shaft.gui.browser.internal.BrowserActionsHelpers.capturePageSnapshot(BrowserActionsHelpers.java:268)
	at com.shaft.gui.browser.internal.BrowserActionsHelpers.capturePageSnapshot(BrowserActionsHelpers.java:268)
	at com.shaft.gui.browser.internal.BrowserActionsHelpers.capturePageSnapshot(BrowserActionsHelpers.java:268)
	at com.shaft.gui.browser.internal.BrowserActionsHelpers.capturePageSnapshot(BrowserActionsHelpers.java:268)
	at com.shaft.gui.browser.internal.BrowserActionsHelpers.capturePageSnapshot(BrowserActionsHelpers.java:268)
	at com.shaft.gui.browser.internal.BrowserActionsHelpers.capturePageSnapshot(BrowserActionsHelpers.java:268)
	at com.shaft.gui.browser.internal.BrowserActionsHelpers.capturePageSnapshot(BrowserActionsHelpers.java:268)
	at com.shaft.gui.browser.internal.BrowserActionsHelpers.capturePageSnapshot(BrowserActionsHelpers.java:268)
	at com.shaft.gui.browser.internal.BrowserActionsHelpers.capturePageSnapshot(BrowserActionsHelpers.java:268)
	at com.shaft.gui.browser.internal.BrowserActionsHelpers.capturePageSnapshot(BrowserActionsHelpers.java:268)
	at com.shaft.gui.browser.internal.BrowserActionsHelpers.capturePageSnapshot(BrowserActionsHelpers.java:268)
	at com.shaft.gui.browser.internal.BrowserActionsHelpers.capturePageSnapshot(BrowserActionsHelpers.java:268)
	at com.shaft.gui.browser.internal.BrowserActionsHelpers.capturePageSnapshot(BrowserActionsHelpers.java:268)
	at com.shaft.gui.browser.internal.BrowserActionsHelpers.capturePageSnapshot(BrowserActionsHelpers.java:268)
	at com.shaft.gui.browser.internal.BrowserActionsHelpers.capturePageSnapshot(BrowserActionsHelpers.java:268)
	at com.shaft.gui.browser.internal.BrowserActionsHelpers.capturePageSnapshot(BrowserActionsHelpers.java:268)
	at com.shaft.gui.browser.internal.BrowserActionsHelpers.capturePageSnapshot(BrowserActionsHelpers.java:268)
	at com.shaft.gui.browser.internal.BrowserActionsHelpers.capturePageSnapshot(BrowserActionsHelpers.java:268)
	at com.shaft.gui.browser.internal.BrowserActionsHelpers.capturePageSnapshot(BrowserActionsHelpers.java:268)
	at com.shaft.gui.browser.internal.BrowserActionsHelpers.capturePageSnapshot(BrowserActionsHelpers.java:268)
	at com.shaft.gui.browser.internal.BrowserActionsHelpers.capturePageSnapshot(BrowserActionsHelpers.java:268)
	at com.shaft.gui.browser.internal.BrowserActionsHelpers.capturePageSnapshot(BrowserActionsHelpers.java:268)
	at com.shaft.gui.browser.internal.BrowserActionsHelpers.capturePageSnapshot(BrowserActionsHelpers.java:268)
	at com.shaft.gui.browser.internal.BrowserActionsHelpers.capturePageSnapshot(BrowserActionsHelpers.java:268)
	at com.shaft.gui.browser.internal.BrowserActionsHelpers.capturePageSnapshot(BrowserActionsHelpers.java:268)
	at com.shaft.gui.browser.internal.BrowserActionsHelpers.capturePageSnapshot(BrowserActionsHelpers.java:268)
	at com.shaft.gui.browser.internal.BrowserActionsHelpers.capturePageSnapshot(BrowserActionsHelpers.java:268)
	at com.shaft.gui.browser.internal.BrowserActionsHelpers.capturePageSnapshot(BrowserActionsHelpers.java:268)
	at com.shaft.gui.browser.internal.BrowserActionsHelpers.capturePageSnapshot(BrowserActionsHelpers.java:268)
	at com.shaft.gui.browser.internal.BrowserActionsHelpers.capturePageSnapshot(BrowserActionsHelpers.java:268)
	at com.shaft.gui.browser.internal.BrowserActionsHelpers.capturePageSnapshot(BrowserActionsHelpers.java:268)
	at com.shaft.gui.browser.internal.BrowserActionsHelpers.capturePageSnapshot(BrowserActionsHelpers.java:268)
	at com.shaft.gui.browser.internal.BrowserActionsHelpers.capturePageSnapshot(BrowserActionsHelpers.java:268)
	at com.shaft.gui.browser.internal.BrowserActionsHelpers.capturePageSnapshot(BrowserActionsHelpers.java:268)
	at com.shaft.gui.browser.internal.BrowserActionsHelpers.capturePageSnapshot(BrowserActionsHelpers.java:268)
	at com.shaft.gui.browser.internal.BrowserActionsHelpers.capturePageSnapshot(BrowserActionsHelpers.java:268)
	at com.shaft.gui.browser.internal.BrowserActionsHelpers.capturePageSnapshot(BrowserActionsHelpers.java:268)
	at com.shaft.gui.browser.internal.BrowserActionsHelpers.capturePageSnapshot(BrowserActionsHelpers.java:268)
	at com.shaft.gui.browser.internal.BrowserActionsHelpers.capturePageSnapshot(BrowserActionsHelpers.java:268)
	at com.shaft.gui.browser.internal.BrowserActionsHelpers.capturePageSnapshot(BrowserActionsHelpers.java:268)
	at com.shaft.gui.browser.internal.BrowserActionsHelpers.capturePageSnapshot(BrowserActionsHelpers.java:268)
	at com.shaft.gui.browser.internal.BrowserActionsHelpers.capturePageSnapshot(BrowserActionsHelpers.java:268)
	at com.shaft.gui.browser.internal.BrowserActionsHelpers.capturePageSnapshot(BrowserActionsHelpers.java:268)
	at com.shaft.gui.browser.internal.BrowserActionsHelpers.capturePageSnapshot(BrowserActionsHelpers.java:268)
	at com.shaft.gui.browser.internal.BrowserActionsHelpers.capturePageSnapshot(BrowserActionsHelpers.java:268)
	at com.shaft.gui.browser.internal.BrowserActionsHelpers.capturePageSnapshot(BrowserActionsHelpers.java:268)
	at com.shaft.gui.browser.internal.BrowserActionsHelpers.capturePageSnapshot(BrowserActionsHelpers.java:268)
	at com.shaft.gui.browser.internal.BrowserActionsHelpers.capturePageSnapshot(BrowserActionsHelpers.java:268)
	at com.shaft.gui.browser.internal.BrowserActionsHelpers.capturePageSnapshot(BrowserActionsHelpers.java:268)
	at com.shaft.gui.browser.internal.BrowserActionsHelpers.capturePageSnapshot(BrowserActionsHelpers.java:268)
	at com.shaft.gui.browser.internal.BrowserActionsHelpers.capturePageSnapshot(BrowserActionsHelpers.java:268)
	at com.shaft.gui.browser.internal.BrowserActionsHelpers.capturePageSnapshot(BrowserActionsHelpers.java:268)
	at com.shaft.gui.browser.internal.BrowserActionsHelpers.capturePageSnapshot(BrowserActionsHelpers.java:268)
	at com.shaft.gui.browser.internal.BrowserActionsHelpers.capturePageSnapshot(BrowserActionsHelpers.java:268)
	at com.shaft.gui.browser.internal.BrowserActionsHelpers.capturePageSnapshot(BrowserActionsHelpers.java:268)
	at com.shaft.gui.browser.internal.BrowserActionsHelpers.capturePageSnapshot(BrowserActionsHelpers.java:268)
	at com.shaft.gui.browser.internal.BrowserActionsHelpers.capturePageSnapshot(BrowserActionsHelpers.java:268)
	at com.shaft.gui.browser.internal.BrowserActionsHelpers.capturePageSnapshot(BrowserActionsHelpers.java:268)
	at com.shaft.gui.browser.internal.BrowserActionsHelpers.capturePageSnapshot(BrowserActionsHelpers.java:268)
	at com.shaft.gui.browser.internal.BrowserActionsHelpers.capturePageSnapshot(BrowserActionsHelpers.java:268)
	at com.shaft.gui.browser.internal.BrowserActionsHelpers.capturePageSnapshot(BrowserActionsHelpers.java:268)
	at com.shaft.gui.browser.internal.BrowserActionsHelpers.capturePageSnapshot(BrowserActionsHelpers.java:268)
	at com.shaft.gui.browser.internal.BrowserActionsHelpers.capturePageSnapshot(BrowserActionsHelpers.java:268)
	at com.shaft.gui.browser.internal.BrowserActionsHelpers.capturePageSnapshot(BrowserActionsHelpers.java:268)
	at com.shaft.gui.browser.internal.BrowserActionsHelpers.capturePageSnapshot(BrowserActionsHelpers.java:268)
	at com.shaft.gui.browser.internal.BrowserActionsHelpers.capturePageSnapshot(BrowserActionsHelpers.java:268)
	at com.shaft.gui.browser.internal.BrowserActionsHelpers.capturePageSnapshot(BrowserActionsHelpers.java:268)
	at com.shaft.gui.browser.internal.BrowserActionsHelpers.capturePageSnapshot(BrowserActionsHelpers.java:268)
	at com.shaft.gui.browser.internal.BrowserActionsHelpers.capturePageSnapshot(BrowserActionsHelpers.java:268)
	at com.shaft.gui.browser.internal.BrowserActionsHelpers.capturePageSnapshot(BrowserActionsHelpers.java:268)
	at com.shaft.gui.browser.internal.BrowserActionsHelpers.capturePageSnapshot(BrowserActionsHelpers.java:268)
	at com.shaft.gui.browser.internal.BrowserActionsHelpers.capturePageSnapshot(BrowserActionsHelpers.java:268)
	at com.shaft.gui.browser.internal.BrowserActionsHelpers.capturePageSnapshot(BrowserActionsHelpers.java:268)
	at com.shaft.gui.browser.internal.BrowserActionsHelpers.capturePageSnapshot(BrowserActionsHelpers.java:268)
	at com.shaft.gui.browser.internal.BrowserActionsHelpers.capturePageSnapshot(BrowserActionsHelpers.java:268)
	at com.shaft.gui.browser.internal.BrowserActionsHelpers.capturePageSnapshot(BrowserActionsHelpers.java:268)
	at com.shaft.gui.browser.internal.BrowserActionsHelpers.capturePageSnapshot(BrowserActionsHelpers.java:268)
	at com.shaft.gui.browser.internal.BrowserActionsHelpers.capturePageSnapshot(BrowserActionsHelpers.java:268)
	at com.shaft.gui.browser.internal.BrowserActionsHelpers.capturePageSnapshot(BrowserActionsHelpers.java:268)
	at com.shaft.gui.browser.internal.BrowserActionsHelpers.capturePageSnapshot(BrowserActionsHelpers.java:268)
	at com.shaft.gui.browser.internal.BrowserActionsHelpers.capturePageSnapshot(BrowserActionsHelpers.java:268)
	at com.shaft.gui.browser.internal.BrowserActionsHelpers.capturePageSnapshot(BrowserActionsHelpers.java:268)
	at com.shaft.gui.browser.internal.BrowserActionsHelpers.capturePageSnapshot(BrowserActionsHelpers.java:268)
	at com.shaft.gui.browser.internal.BrowserActionsHelpers.capturePageSnapshot(BrowserActionsHelpers.java:268)
	at com.shaft.gui.browser.internal.BrowserActionsHelpers.capturePageSnapshot(BrowserActionsHelpers.java:268)
	at com.shaft.gui.browser.internal.BrowserActionsHelpers.capturePageSnapshot(BrowserActionsHelpers.java:268)
	at com.shaft.gui.browser.internal.BrowserActionsHelpers.capturePageSnapshot(BrowserActionsHelpers.java:268)
	at com.shaft.gui.browser.internal.BrowserActionsHelpers.capturePageSnapshot(BrowserActionsHelpers.java:268)
	at com.shaft.gui.browser.internal.BrowserActionsHelpers.capturePageSnapshot(BrowserActionsHelpers.java:268)
	at com.shaft.gui.browser.internal.BrowserActionsHelpers.capturePageSnapshot(BrowserActionsHelpers.java:268)
	at com.shaft.gui.browser.internal.BrowserActionsHelpers.capturePageSnapshot(BrowserActionsHelpers.java:268)
	at com.shaft.gui.browser.internal.BrowserActionsHelpers.capturePageSnapshot(BrowserActionsHelpers.java:268)
	at com.shaft.gui.browser.internal.BrowserActionsHelpers.capturePageSnapshot(BrowserActionsHelpers.java:268)
	at com.shaft.gui.browser.internal.BrowserActionsHelpers.capturePageSnapshot(BrowserActionsHelpers.java:268)
	at com.shaft.gui.browser.internal.BrowserActionsHelpers.capturePageSnapshot(BrowserActionsHelpers.java:268)
	at com.shaft.gui.browser.internal.BrowserActionsHelpers.capturePageSnapshot(BrowserActionsHelpers.java:268)
	at com.shaft.gui.browser.internal.BrowserActionsHelpers.capturePageSnapshot(BrowserActionsHelpers.java:268)
	at com.shaft.gui.browser.internal.BrowserActionsHelpers.capturePageSnapshot(BrowserActionsHelpers.java:268)
	at com.shaft.gui.browser.internal.BrowserActionsHelpers.capturePageSnapshot(BrowserActionsHelpers.java:268)
	at com.shaft.gui.browser.internal.BrowserActionsHelpers.capturePageSnapshot(BrowserActionsHelpers.java:268)
	at com.shaft.gui.browser.internal.BrowserActionsHelpers.capturePageSnapshot(BrowserActionsHelpers.java:268)
	at com.shaft.gui.browser.internal.BrowserActionsHelpers.capturePageSnapshot(BrowserActionsHelpers.java:268)
	at com.shaft.gui.browser.internal.BrowserActionsHelpers.capturePageSnapshot(BrowserActionsHelpers.java:268)
	at com.shaft.gui.browser.internal.BrowserActionsHelpers.capturePageSnapshot(BrowserActionsHelpers.java:268)
	at com.shaft.gui.browser.internal.BrowserActionsHelpers.capturePageSnapshot(BrowserActionsHelpers.java:268)
	at com.shaft.gui.browser.internal.BrowserActionsHelpers.capturePageSnapshot(BrowserActionsHelpers.java:268)
	at com.shaft.gui.browser.internal.BrowserActionsHelpers.capturePageSnapshot(BrowserActionsHelpers.java:268)
	at com.shaft.gui.browser.internal.BrowserActionsHelpers.capturePageSnapshot(BrowserActionsHelpers.java:268)
	at com.shaft.gui.browser.internal.BrowserActionsHelpers.capturePageSnapshot(BrowserActionsHelpers.java:268)
	at com.shaft.gui.browser.internal.BrowserActionsHelpers.capturePageSnapshot(BrowserActionsHelpers.java:268)
	at com.shaft.gui.browser.internal.BrowserActionsHelpers.capturePageSnapshot(BrowserActionsHelpers.java:268)
	at com.shaft.gui.browser.internal.BrowserActionsHelpers.capturePageSnapshot(BrowserActionsHelpers.java:268)
	at com.shaft.gui.browser.internal.BrowserActionsHelpers.capturePageSnapshot(BrowserActionsHelpers.java:268)
	at com.shaft.gui.browser.internal.BrowserActionsHelpers.capturePageSnapshot(BrowserActionsHelpers.java:268)
	at com.shaft.gui.browser.internal.BrowserActionsHelpers.capturePageSnapshot(BrowserActionsHelpers.java:268)
	at com.shaft.gui.browser.internal.BrowserActionsHelpers.capturePageSnapshot(BrowserActionsHelpers.java:268)
	at com.shaft.gui.browser.internal.BrowserActionsHelpers.capturePageSnapshot(BrowserActionsHelpers.java:268)
	at com.shaft.gui.browser.internal.BrowserActionsHelpers.capturePageSnapshot(BrowserActionsHelpers.java:268)
	at com.shaft.gui.browser.internal.BrowserActionsHelpers.capturePageSnapshot(BrowserActionsHelpers.java:268)
	at com.shaft.gui.browser.internal.BrowserActionsHelpers.capturePageSnapshot(BrowserActionsHelpers.java:268)
	at com.shaft.gui.browser.internal.BrowserActionsHelpers.capturePageSnapshot(BrowserActionsHelpers.java:268)
[...]
	at com.shaft.gui.browser.internal.BrowserActionsHelpers.capturePageSnapshot(BrowserActionsHelpers.java:268)
	at com.shaft.gui.browser.internal.BrowserActionsHelpers.capturePageSnapshot(BrowserActionsHelpers.java:268)
	at com.shaft.gui.browser.internal.BrowserActionsHelpers.capturePageSnapshot(BrowserActionsHelpers.java:268)
	at com.shaft.gui.browser.internal.BrowserActionsHelpers.capturePageSnapshot(BrowserActionsHelpers.java:268)
	at com.shaft.gui.browser.internal.BrowserActionsHelpers.capturePageSnapshot(BrowserActionsHelpers.java:268)
	at com.shaft.gui.browser.internal.BrowserActionsHelpers.capturePageSnapshot(BrowserActionsHelpers.java:268)
	at com.shaft.gui.browser.internal.BrowserActionsHelpers.capturePageSnapshot(BrowserActionsHelpers.java:268)
	at com.shaft.gui.browser.internal.BrowserActionsHelpers.capturePageSnapshot(BrowserActionsHelpers.java:268)
	at com.shaft.gui.browser.internal.BrowserActionsHelpers.capturePageSnapshot(BrowserActionsHelpers.java:268)
	at com.shaft.gui.browser.internal.BrowserActionsHelpers.capturePageSnapshot(BrowserActionsHelpers.java:268)
	at com.shaft.gui.browser.internal.BrowserActionsHelpers.capturePageSnapshot(BrowserActionsHelpers.java:268)
	at com.shaft.gui.browser.internal.BrowserActionsHelpers.capturePageSnapshot(BrowserActionsHelpers.java:268)
	at com.shaft.gui.browser.internal.BrowserActionsHelpers.capturePageSnapshot(BrowserActionsHelpers.java:268)
	at com.shaft.gui.browser.internal.BrowserActionsHelpers.capturePageSnapshot(BrowserActionsHelpers.java:268)
	at com.shaft.gui.browser.internal.BrowserActionsHelpers.capturePageSnapshot(BrowserActionsHelpers.java:268)
	at com.shaft.gui.browser.internal.BrowserActionsHelpers.capturePageSnapshot(BrowserActionsHelpers.java:268)
	at com.shaft.gui.browser.internal.BrowserActionsHelpers.capturePageSnapshot(BrowserActionsHelpers.java:268)
	at com.shaft.gui.browser.internal.BrowserActionsHelpers.capturePageSnapshot(BrowserActionsHelpers.java:268)
	at com.shaft.gui.browser.internal.BrowserActionsHelpers.capturePageSnapshot(BrowserActionsHelpers.java:268)
	at com.shaft.gui.browser.internal.BrowserActionsHelpers.capturePageSnapshot(BrowserActionsHelpers.java:268)
	at com.shaft.gui.browser.internal.BrowserActionsHelpers.capturePageSnapshot(BrowserActionsHelpers.java:268)
	at com.shaft.gui.browser.internal.BrowserActionsHelpers.capturePageSnapshot(BrowserActionsHelpers.java:268)
	at com.shaft.gui.browser.internal.BrowserActionsHelpers.capturePageSnapshot(BrowserActionsHelpers.java:268)
	at com.shaft.gui.browser.internal.BrowserActionsHelpers.capturePageSnapshot(BrowserActionsHelpers.java:268)
	at com.shaft.gui.browser.internal.BrowserActionsHelpers.capturePageSnapshot(BrowserActionsHelpers.java:268)
	at com.shaft.gui.browser.internal.BrowserActionsHelpers.capturePageSnapshot(BrowserActionsHelpers.java:268)
	at com.shaft.gui.browser.internal.BrowserActionsHelpers.capturePageSnapshot(BrowserActionsHelpers.java:268)
	at com.shaft.gui.browser.internal.BrowserActionsHelpers.capturePageSnapshot(BrowserActionsHelpers.java:268)
	at com.shaft.gui.browser.internal.BrowserActionsHelpers.capturePageSnapshot(BrowserActionsHelpers.java:268)
	at com.shaft.gui.browser.internal.BrowserActionsHelpers.capturePageSnapshot(BrowserActionsHelpers.java:268)
	at com.shaft.gui.browser.internal.BrowserActionsHelpers.capturePageSnapshot(BrowserActionsHelpers.java:268)
	at com.shaft.gui.browser.internal.BrowserActionsHelpers.capturePageSnapshot(BrowserActionsHelpers.java:268)
	at com.shaft.gui.browser.internal.BrowserActionsHelpers.capturePageSnapshot(BrowserActionsHelpers.java:268)
	at com.shaft.gui.browser.internal.BrowserActionsHelpers.capturePageSnapshot(BrowserActionsHelpers.java:268)
	at com.shaft.gui.browser.internal.BrowserActionsHelpers.capturePageSnapshot(BrowserActionsHelpers.java:268)
	at com.shaft.gui.browser.internal.BrowserActionsHelpers.capturePageSnapshot(BrowserActionsHelpers.java:268)
	at com.shaft.gui.browser.internal.BrowserActionsHelpers.capturePageSnapshot(BrowserActionsHelpers.java:268)
	at com.shaft.gui.browser.internal.BrowserActionsHelpers.capturePageSnapshot(BrowserActionsHelpers.java:268)
	at com.shaft.gui.browser.internal.BrowserActionsHelpers.capturePageSnapshot(BrowserActionsHelpers.java:268)
	at com.shaft.gui.browser.internal.BrowserActionsHelpers.capturePageSnapshot(BrowserActionsHelpers.java:268)
	at com.shaft.gui.browser.internal.BrowserActionsHelpers.capturePageSnapshot(BrowserActionsHelpers.java:268)
	at com.shaft.gui.browser.internal.BrowserActionsHelpers.capturePageSnapshot(BrowserActionsHelpers.java:268)
	at com.shaft.gui.browser.internal.BrowserActionsHelpers.capturePageSnapshot(BrowserActionsHelpers.java:268)
	at com.shaft.gui.browser.internal.BrowserActionsHelpers.capturePageSnapshot(BrowserActionsHelpers.java:268)
	at com.shaft.gui.browser.internal.BrowserActionsHelpers.capturePageSnapshot(BrowserActionsHelpers.java:268)
	at com.shaft.gui.browser.internal.BrowserActionsHelpers.capturePageSnapshot(BrowserActionsHelpers.java:268)
	at com.shaft.gui.browser.internal.BrowserActionsHelpers.capturePageSnapshot(BrowserActionsHelpers.java:268)
	at com.shaft.gui.browser.internal.BrowserActionsHelpers.capturePageSnapshot(BrowserActionsHelpers.java:268)
	at com.shaft.gui.browser.internal.BrowserActionsHelpers.capturePageSnapshot(BrowserActionsHelpers.java:268)
	at com.shaft.gui.browser.internal.BrowserActionsHelpers.capturePageSnapshot(BrowserActionsHelpers.java:268)
	at com.shaft.gui.browser.internal.BrowserActionsHelpers.capturePageSnapshot(BrowserActionsHelpers.java:268)
	at com.shaft.gui.browser.internal.BrowserActionsHelpers.capturePageSnapshot(BrowserActionsHelpers.java:268)
	at com.shaft.gui.browser.internal.BrowserActionsHelpers.capturePageSnapshot(BrowserActionsHelpers.java:268)
	at com.shaft.gui.browser.internal.BrowserActionsHelpers.capturePageSnapshot(BrowserActionsHelpers.java:268)
	at com.shaft.gui.browser.internal.BrowserActionsHelpers.capturePageSnapshot(BrowserActionsHelpers.java:268)
	at com.shaft.gui.browser.internal.BrowserActionsHelpers.capturePageSnapshot(BrowserActionsHelpers.java:268)
	at com.shaft.gui.browser.internal.BrowserActionsHelpers.capturePageSnapshot(BrowserActionsHelpers.java:268)
	at com.shaft.gui.browser.internal.BrowserActionsHelpers.capturePageSnapshot(BrowserActionsHelpers.java:268)
	at com.shaft.gui.browser.internal.BrowserActionsHelpers.capturePageSnapshot(BrowserActionsHelpers.java:268)
	at com.shaft.gui.browser.internal.BrowserActionsHelpers.capturePageSnapshot(BrowserActionsHelpers.java:268)
	at com.shaft.gui.browser.internal.BrowserActionsHelpers.capturePageSnapshot(BrowserActionsHelpers.java:268)
	at com.shaft.gui.browser.internal.BrowserActionsHelpers.capturePageSnapshot(BrowserActionsHelpers.java:268)
	at com.shaft.gui.browser.internal.BrowserActionsHelpers.capturePageSnapshot(BrowserActionsHelpers.java:268)
	at com.shaft.gui.browser.internal.BrowserActionsHelpers.capturePageSnapshot(BrowserActionsHelpers.java:268)
	at com.shaft.gui.browser.internal.BrowserActionsHelpers.capturePageSnapshot(BrowserActionsHelpers.java:268)
	at com.shaft.gui.browser.internal.BrowserActionsHelpers.capturePageSnapshot(BrowserActionsHelpers.java:268)
	at com.shaft.gui.browser.internal.BrowserActionsHelpers.capturePageSnapshot(BrowserActionsHelpers.java:268)
	at com.shaft.gui.browser.internal.BrowserActionsHelpers.capturePageSnapshot(BrowserActionsHelpers.java:268)
	at com.shaft.gui.browser.internal.BrowserActionsHelpers.capturePageSnapshot(BrowserActionsHelpers.java:268)
	at com.shaft.gui.browser.internal.BrowserActionsHelpers.capturePageSnapshot(BrowserActionsHelpers.java:268)
	at com.shaft.gui.browser.internal.BrowserActionsHelpers.capturePageSnapshot(BrowserActionsHelpers.java:268)
	at com.shaft.gui.browser.internal.BrowserActionsHelpers.capturePageSnapshot(BrowserActionsHelpers.java:268)
	at com.shaft.gui.browser.internal.BrowserActionsHelpers.capturePageSnapshot(BrowserActionsHelpers.java:268)
	at com.shaft.gui.browser.internal.BrowserActionsHelpers.capturePageSnapshot(BrowserActionsHelpers.java:268)
	at com.shaft.gui.browser.internal.BrowserActionsHelpers.capturePageSnapshot(BrowserActionsHelpers.java:268)
	at com.shaft.gui.browser.internal.BrowserActionsHelpers.capturePageSnapshot(BrowserActionsHelpers.java:268)
	at com.shaft.gui.browser.internal.BrowserActionsHelpers.capturePageSnapshot(BrowserActionsHelpers.java:268)
	at com.shaft.gui.browser.internal.BrowserActionsHelpers.capturePageSnapshot(BrowserActionsHelpers.java:268)
	at com.shaft.gui.browser.internal.BrowserActionsHelpers.capturePageSnapshot(BrowserActionsHelpers.java:268)
	at com.shaft.gui.browser.internal.BrowserActionsHelpers.capturePageSnapshot(BrowserActionsHelpers.java:268)
	at com.shaft.gui.browser.internal.BrowserActionsHelpers.capturePageSnapshot(BrowserActionsHelpers.java:268)
	at com.shaft.gui.browser.internal.BrowserActionsHelpers.capturePageSnapshot(BrowserActionsHelpers.java:268)
	at com.shaft.gui.browser.internal.BrowserActionsHelpers.capturePageSnapshot(BrowserActionsHelpers.java:268)
	at com.shaft.gui.browser.internal.BrowserActionsHelpers.capturePageSnapshot(BrowserActionsHelpers.java:268)
	at com.shaft.gui.browser.internal.BrowserActionsHelpers.capturePageSnapshot(BrowserActionsHelpers.java:268)
	at com.shaft.gui.browser.internal.BrowserActionsHelpers.capturePageSnapshot(BrowserActionsHelpers.java:268)
	at com.shaft.gui.browser.internal.BrowserActionsHelpers.capturePageSnapshot(BrowserActionsHelpers.java:268)
	at com.shaft.gui.browser.internal.BrowserActionsHelpers.capturePageSnapshot(BrowserActionsHelpers.java:268)
	at com.shaft.gui.browser.internal.BrowserActionsHelpers.capturePageSnapshot(BrowserActionsHelpers.java:268)
	at com.shaft.gui.browser.internal.BrowserActionsHelpers.capturePageSnapshot(BrowserActionsHelpers.java:268)
	at com.shaft.gui.browser.internal.BrowserActionsHelpers.capturePageSnapshot(BrowserActionsHelpers.java:268)
	at com.shaft.gui.browser.internal.BrowserActionsHelpers.capturePageSnapshot(BrowserActionsHelpers.java:268)
	at com.shaft.gui.browser.internal.BrowserActionsHelpers.capturePageSnapshot(BrowserActionsHelpers.java:268)
	at com.shaft.gui.browser.internal.BrowserActionsHelpers.capturePageSnapshot(BrowserActionsHelpers.java:268)
	at com.shaft.gui.browser.internal.BrowserActionsHelpers.capturePageSnapshot(BrowserActionsHelpers.java:268)
	at com.shaft.gui.browser.internal.BrowserActionsHelpers.capturePageSnapshot(BrowserActionsHelpers.java:268)
	at com.shaft.gui.browser.internal.BrowserActionsHelpers.capturePageSnapshot(BrowserActionsHelpers.java:268)
	at com.shaft.gui.browser.internal.BrowserActionsHelpers.capturePageSnapshot(BrowserActionsHelpers.java:268)
	at com.shaft.gui.browser.internal.BrowserActionsHelpers.capturePageSnapshot(BrowserActionsHelpers.java:268)
	at com.shaft.gui.browser.internal.BrowserActionsHelpers.capturePageSnapshot(BrowserActionsHelpers.java:268)
	at com.shaft.gui.browser.internal.BrowserActionsHelpers.capturePageSnapshot(BrowserActionsHelpers.java:268)
	at com.shaft.gui.browser.internal.BrowserActionsHelpers.capturePageSnapshot(BrowserActionsHelpers.java:268)
	at com.shaft.gui.browser.internal.BrowserActionsHelpers.capturePageSnapshot(BrowserActionsHelpers.java:268)
	at com.shaft.gui.browser.internal.BrowserActionsHelpers.capturePageSnapshot(BrowserActionsHelpers.java:268)
	at com.shaft.gui.browser.internal.BrowserActionsHelpers.capturePageSnapshot(BrowserActionsHelpers.java:268)
	at com.shaft.gui.browser.internal.BrowserActionsHelpers.capturePageSnapshot(BrowserActionsHelpers.java:268)
	at com.shaft.gui.browser.internal.BrowserActionsHelpers.capturePageSnapshot(BrowserActionsHelpers.java:268)
	at com.shaft.gui.browser.internal.BrowserActionsHelpers.capturePageSnapshot(BrowserActionsHelpers.java:268)
	at com.shaft.gui.browser.internal.BrowserActionsHelpers.capturePageSnapshot(BrowserActionsHelpers.java:268)
	at com.shaft.gui.browser.internal.BrowserActionsHelpers.capturePageSnapshot(BrowserActionsHelpers.java:268)
	at com.shaft.gui.browser.internal.BrowserActionsHelpers.capturePageSnapshot(BrowserActionsHelpers.java:268)
	at com.shaft.gui.browser.internal.BrowserActionsHelpers.capturePageSnapshot(BrowserActionsHelpers.java:268)
	at com.shaft.gui.browser.internal.BrowserActionsHelpers.capturePageSnapshot(BrowserActionsHelpers.java:268)
	at com.shaft.gui.browser.internal.BrowserActionsHelpers.capturePageSnapshot(BrowserActionsHelpers.java:268)
	at com.shaft.gui.browser.internal.BrowserActionsHelpers.capturePageSnapshot(BrowserActionsHelpers.java:268)
	at com.shaft.gui.browser.internal.BrowserActionsHelpers.capturePageSnapshot(BrowserActionsHelpers.java:268)
	at com.shaft.gui.browser.internal.BrowserActionsHelpers.capturePageSnapshot(BrowserActionsHelpers.java:268)
	at com.shaft.gui.browser.internal.BrowserActionsHelpers.capturePageSnapshot(BrowserActionsHelpers.java:268)
	at com.shaft.gui.browser.internal.BrowserActionsHelpers.capturePageSnapshot(BrowserActionsHelpers.java:268)
	at com.shaft.gui.browser.internal.BrowserActionsHelpers.capturePageSnapshot(BrowserActionsHelpers.java:268)
	at com.shaft.gui.browser.internal.BrowserActionsHelpers.capturePageSnapshot(BrowserActionsHelpers.java:268)
	at com.shaft.gui.browser.internal.BrowserActionsHelpers.capturePageSnapshot(BrowserActionsHelpers.java:268)
	at com.shaft.gui.browser.internal.BrowserActionsHelpers.capturePageSnapshot(BrowserActionsHelpers.java:268)
	at com.shaft.gui.browser.internal.BrowserActionsHelpers.capturePageSnapshot(BrowserActionsHelpers.java:268)
	at com.shaft.gui.browser.internal.BrowserActionsHelpers.capturePageSnapshot(BrowserActionsHelpers.java:268)
	at com.shaft.gui.browser.internal.BrowserActionsHelpers.capturePageSnapshot(BrowserActionsHelpers.java:268)
	at com.shaft.gui.browser.internal.BrowserActionsHelpers.capturePageSnapshot(BrowserActionsHelpers.java:268)
	at com.shaft.gui.browser.internal.BrowserActionsHelpers.capturePageSnapshot(BrowserActionsHelpers.java:268)
	at com.shaft.gui.browser.internal.BrowserActionsHelpers.capturePageSnapshot(BrowserActionsHelpers.java:268)
	at com.shaft.gui.browser.internal.BrowserActionsHelpers.capturePageSnapshot(BrowserActionsHelpers.java:268)
	at com.shaft.gui.browser.internal.BrowserActionsHelpers.capturePageSnapshot(BrowserActionsHelpers.java:268)
	at com.shaft.gui.browser.internal.BrowserActionsHelpers.capturePageSnapshot(BrowserActionsHelpers.java:268)
	at com.shaft.gui.browser.internal.BrowserActionsHelpers.capturePageSnapshot(BrowserActionsHelpers.java:268)
	at com.shaft.gui.browser.internal.BrowserActionsHelpers.capturePageSnapshot(BrowserActionsHelpers.java:268)
	at com.shaft.gui.browser.internal.BrowserActionsHelpers.capturePageSnapshot(BrowserActionsHelpers.java:268)
	at com.shaft.gui.browser.internal.BrowserActionsHelpers.capturePageSnapshot(BrowserActionsHelpers.java:268)
	at com.shaft.gui.browser.internal.BrowserActionsHelpers.capturePageSnapshot(BrowserActionsHelpers.java:268)
	at com.shaft.gui.browser.internal.BrowserActionsHelpers.capturePageSnapshot(BrowserActionsHelpers.java:268)
	at com.shaft.gui.browser.internal.BrowserActionsHelpers.capturePageSnapshot(BrowserActionsHelpers.java:268)
	at com.shaft.gui.browser.internal.BrowserActionsHelpers.capturePageSnapshot(BrowserActionsHelpers.java:268)
	at com.shaft.gui.browser.internal.BrowserActionsHelpers.capturePageSnapshot(BrowserActionsHelpers.java:268)
	at com.shaft.gui.browser.internal.BrowserActionsHelpers.capturePageSnapshot(BrowserActionsHelpers.java:268)
	at com.shaft.gui.browser.internal.BrowserActionsHelpers.capturePageSnapshot(BrowserActionsHelpers.java:268)
	at com.shaft.gui.browser.internal.BrowserActionsHelpers.capturePageSnapshot(BrowserActionsHelpers.java:268)
	at com.shaft.gui.browser.internal.BrowserActionsHelpers.capturePageSnapshot(BrowserActionsHelpers.java:268)
	at com.shaft.gui.browser.internal.BrowserActionsHelpers.capturePageSnapshot(BrowserActionsHelpers.java:268)
	at com.shaft.gui.browser.internal.BrowserActionsHelpers.capturePageSnapshot(BrowserActionsHelpers.java:268)
	at com.shaft.gui.browser.internal.BrowserActionsHelpers.capturePageSnapshot(BrowserActionsHelpers.java:268)
	at com.shaft.gui.browser.internal.BrowserActionsHelpers.capturePageSnapshot(BrowserActionsHelpers.java:268)
	at com.shaft.gui.browser.internal.BrowserActionsHelpers.capturePageSnapshot(BrowserActionsHelpers.java:268)
	at com.shaft.gui.browser.internal.BrowserActionsHelpers.capturePageSnapshot(BrowserActionsHelpers.java:268)
	at com.shaft.gui.browser.internal.BrowserActionsHelpers.capturePageSnapshot(BrowserActionsHelpers.java:268)
	at com.shaft.gui.browser.internal.BrowserActionsHelpers.capturePageSnapshot(BrowserActionsHelpers.java:268)
	at com.shaft.gui.browser.internal.BrowserActionsHelpers.capturePageSnapshot(BrowserActionsHelpers.java:268)
	at com.shaft.gui.browser.internal.BrowserActionsHelpers.capturePageSnapshot(BrowserActionsHelpers.java:268)
	at com.shaft.gui.browser.internal.BrowserActionsHelpers.capturePageSnapshot(BrowserActionsHelpers.java:268)
	at com.shaft.gui.browser.internal.BrowserActionsHelpers.capturePageSnapshot(BrowserActionsHelpers.java:268)
	at com.shaft.gui.browser.internal.BrowserActionsHelpers.capturePageSnapshot(BrowserActionsHelpers.java:268)
	at com.shaft.gui.browser.internal.BrowserActionsHelpers.capturePageSnapshot(BrowserActionsHelpers.java:268)
	at com.shaft.gui.browser.internal.BrowserActionsHelpers.capturePageSnapshot(BrowserActionsHelpers.java:268)
	at com.shaft.gui.browser.internal.BrowserActionsHelpers.capturePageSnapshot(BrowserActionsHelpers.java:268)
	at com.shaft.gui.browser.internal.BrowserActionsHelpers.capturePageSnapshot(BrowserActionsHelpers.java:268)
	at com.shaft.gui.browser.internal.BrowserActionsHelpers.capturePageSnapshot(BrowserActionsHelpers.java:268)
	at com.shaft.gui.browser.internal.BrowserActionsHelpers.capturePageSnapshot(BrowserActionsHelpers.java:268)
	at com.shaft.gui.browser.internal.BrowserActionsHelpers.capturePageSnapshot(BrowserActionsHelpers.java:268)
	at com.shaft.gui.browser.internal.BrowserActionsHelpers.capturePageSnapshot(BrowserActionsHelpers.java:268)
	at com.shaft.gui.browser.internal.BrowserActionsHelpers.capturePageSnapshot(BrowserActionsHelpers.java:268)
	at com.shaft.gui.browser.internal.BrowserActionsHelpers.capturePageSnapshot(BrowserActionsHelpers.java:268)
	at com.shaft.gui.browser.internal.BrowserActionsHelpers.capturePageSnapshot(BrowserActionsHelpers.java:268)
	at com.shaft.gui.browser.internal.BrowserActionsHelpers.capturePageSnapshot(BrowserActionsHelpers.java:268)
	at com.shaft.gui.browser.internal.BrowserActionsHelpers.capturePageSnapshot(BrowserActionsHelpers.java:268)
	at com.shaft.gui.browser.internal.BrowserActionsHelpers.capturePageSnapshot(BrowserActionsHelpers.java:268)
	at com.shaft.gui.browser.internal.BrowserActionsHelpers.capturePageSnapshot(BrowserActionsHelpers.java:268)
	at com.shaft.gui.browser.internal.BrowserActionsHelpers.capturePageSnapshot(BrowserActionsHelpers.java:268)
	at com.shaft.gui.browser.internal.BrowserActionsHelpers.capturePageSnapshot(BrowserActionsHelpers.java:268)
	at com.shaft.gui.browser.internal.BrowserActionsHelpers.capturePageSnapshot(BrowserActionsHelpers.java:268)
	at com.shaft.gui.browser.internal.BrowserActionsHelpers.capturePageSnapshot(BrowserActionsHelpers.java:268)
	at com.shaft.gui.browser.internal.BrowserActionsHelpers.capturePageSnapshot(BrowserActionsHelpers.java:268)
	at com.shaft.gui.browser.internal.BrowserActionsHelpers.capturePageSnapshot(BrowserActionsHelpers.java:268)
	at com.shaft.gui.browser.internal.BrowserActionsHelpers.capturePageSnapshot(BrowserActionsHelpers.java:268)
	at com.shaft.gui.browser.internal.BrowserActionsHelpers.capturePageSnapshot(BrowserActionsHelpers.java:268)
	at com.shaft.gui.browser.internal.BrowserActionsHelpers.capturePageSnapshot(BrowserActionsHelpers.java:268)
	at com.shaft.gui.browser.internal.BrowserActionsHelpers.capturePageSnapshot(BrowserActionsHelpers.java:268)

